2025-04-13 14:02:58,523 - FuturesRollTracker - INFO - Using sample data mode, no Bloomberg connection required
2025-04-13 14:02:58,524 - FuturesRollTracker - INFO - Read 20 futures tickers from futures_list.txt
2025-04-13 14:02:58,525 - FuturesRollTracker - INFO - Generated sample contracts for ES: Front=ESJ5 Index, Next=ESK5 Index
2025-04-13 14:02:58,525 - FuturesRollTracker - INFO - Sample roll data: Volume=36.3%, OI=38.8%, Avg=37.5%
2025-04-13 14:02:58,637 - FuturesRollTracker - INFO - Generated sample contracts for NQ: Front=NQJ5 Index, Next=NQK5 Index
2025-04-13 14:02:58,638 - FuturesRollTracker - INFO - Sample roll data: Volume=38.4%, OI=38.3%, Avg=38.3%
2025-04-13 14:02:58,744 - FuturesRollTracker - INFO - Generated sample contracts for YM: Front=YMJ5 Index, Next=YMK5 Index
2025-04-13 14:02:58,745 - FuturesRollTracker - INFO - Sample roll data: Volume=38.0%, OI=44.1%, Avg=41.1%
2025-04-13 14:02:58,852 - FuturesRollTracker - INFO - Generated sample contracts for RTY: Front=RTYJ5 Index, Next=RTYK5 Index
2025-04-13 14:02:58,852 - FuturesRollTracker - INFO - Sample roll data: Volume=39.3%, OI=38.0%, Avg=38.6%
2025-04-13 14:02:58,960 - FuturesRollTracker - INFO - Generated sample contracts for CL: Front=CLJ5 Comdty, Next=CLK5 Comdty
2025-04-13 14:02:58,961 - FuturesRollTracker - INFO - Sample roll data: Volume=30.9%, OI=26.9%, Avg=28.9%
2025-04-13 14:02:59,067 - FuturesRollTracker - INFO - Generated sample contracts for GC: Front=GCJ5 Comdty, Next=GCK5 Comdty
2025-04-13 14:02:59,067 - FuturesRollTracker - INFO - Sample roll data: Volume=18.3%, OI=23.8%, Avg=21.1%
2025-04-13 14:02:59,172 - FuturesRollTracker - INFO - Generated sample contracts for SI: Front=SIJ5 Comdty, Next=SIK5 Comdty
2025-04-13 14:02:59,172 - FuturesRollTracker - INFO - Sample roll data: Volume=26.6%, OI=21.2%, Avg=23.9%
2025-04-13 14:02:59,278 - FuturesRollTracker - INFO - Generated sample contracts for HG: Front=HGJ5 Comdty, Next=HGK5 Comdty
2025-04-13 14:02:59,279 - FuturesRollTracker - INFO - Sample roll data: Volume=23.1%, OI=22.0%, Avg=22.6%
2025-04-13 14:02:59,386 - FuturesRollTracker - INFO - Generated sample contracts for NG: Front=NGJ5 Comdty, Next=NGK5 Comdty
2025-04-13 14:02:59,386 - FuturesRollTracker - INFO - Sample roll data: Volume=21.6%, OI=27.2%, Avg=24.4%
2025-04-13 14:02:59,494 - FuturesRollTracker - INFO - Generated sample contracts for ZB: Front=ZBJ5 Comdty, Next=ZBK5 Comdty
2025-04-13 14:02:59,495 - FuturesRollTracker - INFO - Sample roll data: Volume=23.1%, OI=23.1%, Avg=23.1%
2025-04-13 14:02:59,603 - FuturesRollTracker - INFO - Generated sample contracts for ZN: Front=ZNJ5 Comdty, Next=ZNK5 Comdty
2025-04-13 14:02:59,603 - FuturesRollTracker - INFO - Sample roll data: Volume=18.7%, OI=27.6%, Avg=23.1%
2025-04-13 14:02:59,709 - FuturesRollTracker - INFO - Generated sample contracts for ZF: Front=ZFJ5 Comdty, Next=ZFK5 Comdty
2025-04-13 14:02:59,709 - FuturesRollTracker - INFO - Sample roll data: Volume=19.6%, OI=19.7%, Avg=19.7%
2025-04-13 14:02:59,816 - FuturesRollTracker - INFO - Generated sample contracts for 6E: Front=6EJ5 Curncy, Next=6EK5 Curncy
2025-04-13 14:02:59,817 - FuturesRollTracker - INFO - Sample roll data: Volume=23.7%, OI=24.2%, Avg=23.9%
2025-04-13 14:02:59,923 - FuturesRollTracker - INFO - Generated sample contracts for 6J: Front=6JJ5 Curncy, Next=6JK5 Curncy
2025-04-13 14:02:59,924 - FuturesRollTracker - INFO - Sample roll data: Volume=31.1%, OI=25.0%, Avg=28.0%
2025-04-13 14:03:00,030 - FuturesRollTracker - INFO - Generated sample contracts for 6B: Front=6BJ5 Curncy, Next=6BK5 Curncy
2025-04-13 14:03:00,030 - FuturesRollTracker - INFO - Sample roll data: Volume=24.6%, OI=28.2%, Avg=26.4%
2025-04-13 14:03:00,135 - FuturesRollTracker - INFO - Generated sample contracts for 6C: Front=6CJ5 Curncy, Next=6CK5 Curncy
2025-04-13 14:03:00,135 - FuturesRollTracker - INFO - Sample roll data: Volume=14.6%, OI=22.3%, Avg=18.5%
2025-04-13 14:03:00,242 - FuturesRollTracker - INFO - Generated sample contracts for 6A: Front=6AJ5 Curncy, Next=6AK5 Curncy
2025-04-13 14:03:00,243 - FuturesRollTracker - INFO - Sample roll data: Volume=28.4%, OI=24.4%, Avg=26.4%
2025-04-13 14:03:00,350 - FuturesRollTracker - INFO - Generated sample contracts for HSI: Front=HSIJ5 Index, Next=HSIK5 Index
2025-04-13 14:03:00,351 - FuturesRollTracker - INFO - Sample roll data: Volume=39.2%, OI=39.1%, Avg=39.1%
2025-04-13 14:03:00,457 - FuturesRollTracker - INFO - Generated sample contracts for NKY: Front=NKYJ5 Index, Next=NKYK5 Index
2025-04-13 14:03:00,457 - FuturesRollTracker - INFO - Sample roll data: Volume=34.2%, OI=42.0%, Avg=38.1%
2025-04-13 14:03:00,563 - FuturesRollTracker - INFO - Generated sample contracts for SGX: Front=SGXJ5 Index, Next=SGXK5 Index
2025-04-13 14:03:00,564 - FuturesRollTracker - INFO - Sample roll data: Volume=27.9%, OI=25.6%, Avg=26.7%
2025-04-13 14:03:00,761 - FuturesRollTracker - INFO - Roll data saved to Excel file: futures_roll_data.xlsx
2025-04-13 14:07:50,051 - FuturesRollTracker - INFO - Connecting to Bloomberg at 127.0.0.1:8194
2025-04-13 14:07:50,511 - FuturesRollTracker - INFO - Bloomberg session started successfully
2025-04-13 14:07:50,512 - FuturesRollTracker - INFO - Read 20 futures tickers from futures_list.txt
2025-04-13 14:07:50,513 - FuturesRollTracker - INFO - Requesting active contracts for ES
2025-04-13 14:07:50,952 - FuturesRollTracker - WARNING - No active contracts found for ES, using sample data
2025-04-13 14:07:50,952 - FuturesRollTracker - INFO - Generated sample contracts for ES: Front=ESJ5 Index, Next=ESK5 Index
2025-04-13 14:07:50,952 - FuturesRollTracker - INFO - Requesting roll data for ESJ5 Index and ESK5 Index
2025-04-13 14:07:51,292 - FuturesRollTracker - WARNING - Missing data for ESJ5 Index or ESK5 Index, using sample data
2025-04-13 14:07:51,292 - FuturesRollTracker - INFO - Sample roll data: Volume=36.7%, OI=39.3%, Avg=38.0%
2025-04-13 14:07:51,397 - FuturesRollTracker - INFO - Requesting active contracts for NQ
2025-04-13 14:07:51,727 - FuturesRollTracker - WARNING - No active contracts found for NQ, using sample data
2025-04-13 14:07:51,727 - FuturesRollTracker - INFO - Generated sample contracts for NQ: Front=NQJ5 Index, Next=NQK5 Index
2025-04-13 14:07:51,727 - FuturesRollTracker - INFO - Requesting roll data for NQJ5 Index and NQK5 Index
2025-04-13 14:07:52,084 - FuturesRollTracker - WARNING - Missing data for NQJ5 Index or NQK5 Index, using sample data
2025-04-13 14:07:52,085 - FuturesRollTracker - INFO - Sample roll data: Volume=37.6%, OI=37.5%, Avg=37.5%
2025-04-13 14:07:52,194 - FuturesRollTracker - INFO - Requesting active contracts for YM
2025-04-13 14:07:52,515 - FuturesRollTracker - WARNING - No active contracts found for YM, using sample data
2025-04-13 14:07:52,516 - FuturesRollTracker - INFO - Generated sample contracts for YM: Front=YMJ5 Index, Next=YMK5 Index
2025-04-13 14:07:52,516 - FuturesRollTracker - INFO - Requesting roll data for YMJ5 Index and YMK5 Index
2025-04-13 14:07:52,908 - FuturesRollTracker - WARNING - Missing data for YMJ5 Index or YMK5 Index, using sample data
2025-04-13 14:07:52,908 - FuturesRollTracker - INFO - Sample roll data: Volume=47.1%, OI=45.3%, Avg=46.2%
2025-04-13 14:07:53,012 - FuturesRollTracker - INFO - Requesting active contracts for RTY
2025-04-13 14:07:53,403 - FuturesRollTracker - WARNING - No active contracts found for RTY, using sample data
2025-04-13 14:07:53,403 - FuturesRollTracker - INFO - Generated sample contracts for RTY: Front=RTYJ5 Index, Next=RTYK5 Index
2025-04-13 14:07:53,404 - FuturesRollTracker - INFO - Requesting roll data for RTYJ5 Index and RTYK5 Index
2025-04-13 14:07:53,800 - FuturesRollTracker - WARNING - Missing data for RTYJ5 Index or RTYK5 Index, using sample data
2025-04-13 14:07:53,800 - FuturesRollTracker - INFO - Sample roll data: Volume=36.8%, OI=44.2%, Avg=40.5%
2025-04-13 14:07:53,902 - FuturesRollTracker - INFO - Requesting active contracts for CL
2025-04-13 14:07:54,351 - FuturesRollTracker - WARNING - No active contracts found for CL, using sample data
2025-04-13 14:07:54,352 - FuturesRollTracker - INFO - Generated sample contracts for CL: Front=CLJ5 Comdty, Next=CLK5 Comdty
2025-04-13 14:07:54,352 - FuturesRollTracker - INFO - Requesting roll data for CLJ5 Comdty and CLK5 Comdty
2025-04-13 14:07:54,694 - FuturesRollTracker - WARNING - Missing data for CLJ5 Comdty or CLK5 Comdty, using sample data
2025-04-13 14:07:54,694 - FuturesRollTracker - INFO - Sample roll data: Volume=21.4%, OI=22.5%, Avg=22.0%
2025-04-13 14:07:54,811 - FuturesRollTracker - INFO - Requesting active contracts for GC
2025-04-13 14:07:55,194 - FuturesRollTracker - WARNING - No active contracts found for GC, using sample data
2025-04-13 14:07:55,195 - FuturesRollTracker - INFO - Generated sample contracts for GC: Front=GCJ5 Comdty, Next=GCK5 Comdty
2025-04-13 14:07:55,195 - FuturesRollTracker - INFO - Requesting roll data for GCJ5 Comdty and GCK5 Comdty
2025-04-13 14:07:55,555 - FuturesRollTracker - WARNING - Missing data for GCJ5 Comdty or GCK5 Comdty, using sample data
2025-04-13 14:07:55,556 - FuturesRollTracker - INFO - Sample roll data: Volume=27.5%, OI=25.2%, Avg=26.4%
2025-04-13 14:07:55,658 - FuturesRollTracker - INFO - Requesting active contracts for SI
2025-04-13 14:07:56,029 - FuturesRollTracker - WARNING - No active contracts found for SI, using sample data
2025-04-13 14:07:56,029 - FuturesRollTracker - INFO - Generated sample contracts for SI: Front=SIJ5 Comdty, Next=SIK5 Comdty
2025-04-13 14:07:56,029 - FuturesRollTracker - INFO - Requesting roll data for SIJ5 Comdty and SIK5 Comdty
2025-04-13 14:07:56,381 - FuturesRollTracker - WARNING - Missing data for SIJ5 Comdty or SIK5 Comdty, using sample data
2025-04-13 14:07:56,381 - FuturesRollTracker - INFO - Sample roll data: Volume=24.7%, OI=20.5%, Avg=22.6%
2025-04-13 14:07:56,486 - FuturesRollTracker - INFO - Requesting active contracts for HG
2025-04-13 14:07:56,812 - FuturesRollTracker - WARNING - No active contracts found for HG, using sample data
2025-04-13 14:07:56,812 - FuturesRollTracker - INFO - Generated sample contracts for HG: Front=HGJ5 Comdty, Next=HGK5 Comdty
2025-04-13 14:07:56,812 - FuturesRollTracker - INFO - Requesting roll data for HGJ5 Comdty and HGK5 Comdty
2025-04-13 14:07:57,161 - FuturesRollTracker - WARNING - Missing data for HGJ5 Comdty or HGK5 Comdty, using sample data
2025-04-13 14:07:57,162 - FuturesRollTracker - INFO - Sample roll data: Volume=20.8%, OI=27.5%, Avg=24.1%
2025-04-13 14:07:57,267 - FuturesRollTracker - INFO - Requesting active contracts for NG
2025-04-13 14:07:57,626 - FuturesRollTracker - WARNING - No active contracts found for NG, using sample data
2025-04-13 14:07:57,627 - FuturesRollTracker - INFO - Generated sample contracts for NG: Front=NGJ5 Comdty, Next=NGK5 Comdty
2025-04-13 14:07:57,627 - FuturesRollTracker - INFO - Requesting roll data for NGJ5 Comdty and NGK5 Comdty
2025-04-13 14:07:57,947 - FuturesRollTracker - WARNING - Missing data for NGJ5 Comdty or NGK5 Comdty, using sample data
2025-04-13 14:07:57,947 - FuturesRollTracker - INFO - Sample roll data: Volume=22.7%, OI=19.1%, Avg=20.9%
2025-04-13 14:07:58,052 - FuturesRollTracker - INFO - Requesting active contracts for ZB
2025-04-13 14:07:58,391 - FuturesRollTracker - WARNING - No active contracts found for ZB, using sample data
2025-04-13 14:07:58,391 - FuturesRollTracker - INFO - Generated sample contracts for ZB: Front=ZBJ5 Comdty, Next=ZBK5 Comdty
2025-04-13 14:07:58,391 - FuturesRollTracker - INFO - Requesting roll data for ZBJ5 Comdty and ZBK5 Comdty
2025-04-13 14:07:58,796 - FuturesRollTracker - WARNING - Missing data for ZBJ5 Comdty or ZBK5 Comdty, using sample data
2025-04-13 14:07:58,796 - FuturesRollTracker - INFO - Sample roll data: Volume=22.7%, OI=23.2%, Avg=22.9%
2025-04-13 14:07:58,896 - FuturesRollTracker - INFO - Requesting active contracts for ZN
2025-04-13 14:07:59,244 - FuturesRollTracker - WARNING - No active contracts found for ZN, using sample data
2025-04-13 14:07:59,245 - FuturesRollTracker - INFO - Generated sample contracts for ZN: Front=ZNJ5 Comdty, Next=ZNK5 Comdty
2025-04-13 14:07:59,245 - FuturesRollTracker - INFO - Requesting roll data for ZNJ5 Comdty and ZNK5 Comdty
2025-04-13 14:08:00,076 - FuturesRollTracker - WARNING - Missing data for ZNJ5 Comdty or ZNK5 Comdty, using sample data
2025-04-13 14:08:00,076 - FuturesRollTracker - INFO - Sample roll data: Volume=28.6%, OI=20.9%, Avg=24.7%
2025-04-13 14:08:00,185 - FuturesRollTracker - INFO - Requesting active contracts for ZF
2025-04-13 14:08:00,627 - FuturesRollTracker - WARNING - No active contracts found for ZF, using sample data
2025-04-13 14:08:00,628 - FuturesRollTracker - INFO - Generated sample contracts for ZF: Front=ZFJ5 Comdty, Next=ZFK5 Comdty
2025-04-13 14:08:00,629 - FuturesRollTracker - INFO - Requesting roll data for ZFJ5 Comdty and ZFK5 Comdty
2025-04-13 14:08:00,980 - FuturesRollTracker - WARNING - Missing data for ZFJ5 Comdty or ZFK5 Comdty, using sample data
2025-04-13 14:08:00,981 - FuturesRollTracker - INFO - Sample roll data: Volume=20.9%, OI=24.8%, Avg=22.8%
2025-04-13 14:08:01,091 - FuturesRollTracker - INFO - Requesting active contracts for 6E
2025-04-13 14:08:01,438 - FuturesRollTracker - WARNING - No active contracts found for 6E, using sample data
2025-04-13 14:08:01,439 - FuturesRollTracker - INFO - Generated sample contracts for 6E: Front=6EJ5 Curncy, Next=6EK5 Curncy
2025-04-13 14:08:01,439 - FuturesRollTracker - INFO - Requesting roll data for 6EJ5 Curncy and 6EK5 Curncy
2025-04-13 14:08:01,779 - FuturesRollTracker - WARNING - Missing data for 6EJ5 Curncy or 6EK5 Curncy, using sample data
2025-04-13 14:08:01,780 - FuturesRollTracker - INFO - Sample roll data: Volume=29.9%, OI=26.6%, Avg=28.3%
2025-04-13 14:08:01,885 - FuturesRollTracker - INFO - Requesting active contracts for 6J
2025-04-13 14:08:02,247 - FuturesRollTracker - WARNING - No active contracts found for 6J, using sample data
2025-04-13 14:08:02,247 - FuturesRollTracker - INFO - Generated sample contracts for 6J: Front=6JJ5 Curncy, Next=6JK5 Curncy
2025-04-13 14:08:02,248 - FuturesRollTracker - INFO - Requesting roll data for 6JJ5 Curncy and 6JK5 Curncy
2025-04-13 14:08:02,610 - FuturesRollTracker - WARNING - Missing data for 6JJ5 Curncy or 6JK5 Curncy, using sample data
2025-04-13 14:08:02,611 - FuturesRollTracker - INFO - Sample roll data: Volume=20.0%, OI=28.0%, Avg=24.0%
2025-04-13 14:08:02,712 - FuturesRollTracker - INFO - Requesting active contracts for 6B
2025-04-13 14:08:03,095 - FuturesRollTracker - WARNING - No active contracts found for 6B, using sample data
2025-04-13 14:08:03,096 - FuturesRollTracker - INFO - Generated sample contracts for 6B: Front=6BJ5 Curncy, Next=6BK5 Curncy
2025-04-13 14:08:03,097 - FuturesRollTracker - INFO - Requesting roll data for 6BJ5 Curncy and 6BK5 Curncy
2025-04-13 14:08:03,465 - FuturesRollTracker - WARNING - Missing data for 6BJ5 Curncy or 6BK5 Curncy, using sample data
2025-04-13 14:08:03,465 - FuturesRollTracker - INFO - Sample roll data: Volume=29.5%, OI=25.3%, Avg=27.4%
2025-04-13 14:08:03,572 - FuturesRollTracker - INFO - Requesting active contracts for 6C
2025-04-13 14:08:03,925 - FuturesRollTracker - WARNING - No active contracts found for 6C, using sample data
2025-04-13 14:08:03,925 - FuturesRollTracker - INFO - Generated sample contracts for 6C: Front=6CJ5 Curncy, Next=6CK5 Curncy
2025-04-13 14:08:03,927 - FuturesRollTracker - INFO - Requesting roll data for 6CJ5 Curncy and 6CK5 Curncy
2025-04-13 14:08:04,295 - FuturesRollTracker - WARNING - Missing data for 6CJ5 Curncy or 6CK5 Curncy, using sample data
2025-04-13 14:08:04,296 - FuturesRollTracker - INFO - Sample roll data: Volume=17.6%, OI=25.2%, Avg=21.4%
2025-04-13 14:08:04,398 - FuturesRollTracker - INFO - Requesting active contracts for 6A
2025-04-13 14:08:04,768 - FuturesRollTracker - WARNING - No active contracts found for 6A, using sample data
2025-04-13 14:08:04,768 - FuturesRollTracker - INFO - Generated sample contracts for 6A: Front=6AJ5 Curncy, Next=6AK5 Curncy
2025-04-13 14:08:04,769 - FuturesRollTracker - INFO - Requesting roll data for 6AJ5 Curncy and 6AK5 Curncy
2025-04-13 14:08:05,139 - FuturesRollTracker - WARNING - Missing data for 6AJ5 Curncy or 6AK5 Curncy, using sample data
2025-04-13 14:08:05,140 - FuturesRollTracker - INFO - Sample roll data: Volume=24.0%, OI=23.3%, Avg=23.7%
2025-04-13 14:08:05,244 - FuturesRollTracker - INFO - Requesting active contracts for HSI
2025-04-13 14:08:05,782 - FuturesRollTracker - WARNING - No active contracts found for HSI, using sample data
2025-04-13 14:08:05,783 - FuturesRollTracker - INFO - Generated sample contracts for HSI: Front=HSIJ5 Index, Next=HSIK5 Index
2025-04-13 14:08:05,783 - FuturesRollTracker - INFO - Requesting roll data for HSIJ5 Index and HSIK5 Index
2025-04-13 14:08:06,156 - FuturesRollTracker - WARNING - Missing data for HSIJ5 Index or HSIK5 Index, using sample data
2025-04-13 14:08:06,157 - FuturesRollTracker - INFO - Sample roll data: Volume=40.1%, OI=43.1%, Avg=41.6%
2025-04-13 14:08:06,269 - FuturesRollTracker - INFO - Requesting active contracts for NKY
2025-04-13 14:08:06,890 - FuturesRollTracker - WARNING - No active contracts found for NKY, using sample data
2025-04-13 14:08:06,890 - FuturesRollTracker - INFO - Generated sample contracts for NKY: Front=NKYJ5 Index, Next=NKYK5 Index
2025-04-13 14:08:06,892 - FuturesRollTracker - INFO - Requesting roll data for NKYJ5 Index and NKYK5 Index
2025-04-13 14:08:07,276 - FuturesRollTracker - WARNING - Missing data for NKYJ5 Index or NKYK5 Index, using sample data
2025-04-13 14:08:07,276 - FuturesRollTracker - INFO - Sample roll data: Volume=37.6%, OI=41.6%, Avg=39.6%
2025-04-13 14:08:07,380 - FuturesRollTracker - INFO - Requesting active contracts for SGX
2025-04-13 14:08:07,852 - FuturesRollTracker - WARNING - No active contracts found for SGX, using sample data
2025-04-13 14:08:07,853 - FuturesRollTracker - INFO - Generated sample contracts for SGX: Front=SGXJ5 Index, Next=SGXK5 Index
2025-04-13 14:08:07,854 - FuturesRollTracker - INFO - Requesting roll data for SGXJ5 Index and SGXK5 Index
2025-04-13 14:08:08,192 - FuturesRollTracker - WARNING - Missing data for SGXJ5 Index or SGXK5 Index, using sample data
2025-04-13 14:08:08,193 - FuturesRollTracker - INFO - Sample roll data: Volume=23.5%, OI=21.6%, Avg=22.6%
2025-04-13 14:08:08,341 - FuturesRollTracker - INFO - Roll data saved to Excel file: futures_roll_data.xlsx
2025-04-13 14:08:08,342 - FuturesRollTracker - INFO - Bloomberg session stopped
2025-04-13 14:12:43,579 - FuturesRollTracker - INFO - Connecting to Bloomberg at 127.0.0.1:8194
2025-04-13 14:12:44,252 - FuturesRollTracker - INFO - Bloomberg session started successfully
2025-04-13 14:12:44,254 - FuturesRollTracker - INFO - Read 20 futures tickers from futures_list.txt
2025-04-13 14:12:44,623 - FuturesRollTracker - WARNING - Security error for ESJ5 Index: Unknown/Invalid Security  [nid:19434]
2025-04-13 14:12:44,624 - FuturesRollTracker - WARNING - Security error for ESK5 Index: Unknown/Invalid Security  [nid:19434]
2025-04-13 14:12:44,625 - FuturesRollTracker - INFO - Direct lookup contracts not found for ES
2025-04-13 14:12:44,626 - FuturesRollTracker - INFO - Requesting futures chain for ES
2025-04-13 14:12:44,995 - FuturesRollTracker - WARNING - No futures contracts found in chain for ES
2025-04-13 14:12:44,995 - FuturesRollTracker - INFO - Requesting generic futures for ES
2025-04-13 14:12:45,498 - FuturesRollTracker - WARNING - Could not resolve active contracts from generic futures for ES
2025-04-13 14:12:45,499 - FuturesRollTracker - WARNING - Failed to retrieve active contracts for ES using all methods, using sample data
2025-04-13 14:12:45,499 - FuturesRollTracker - INFO - Generated sample contracts for ES: Front=ESJ5 Index, Next=ESK5 Index
2025-04-13 14:12:45,501 - FuturesRollTracker - INFO - Requesting roll data for ESJ5 Index and ESK5 Index
2025-04-13 14:12:45,826 - FuturesRollTracker - WARNING - Security error for ESJ5 Index: Unknown/Invalid Security  [nid:24198]
2025-04-13 14:12:45,826 - FuturesRollTracker - WARNING - Security error for ESK5 Index: Unknown/Invalid Security  [nid:24198]
2025-04-13 14:12:45,827 - FuturesRollTracker - WARNING - Missing data for ESJ5 Index or ESK5 Index, using sample data
2025-04-13 14:12:45,827 - FuturesRollTracker - INFO - Sample roll data: Volume=39.0%, OI=42.9%, Avg=40.9%
2025-04-13 14:12:46,293 - FuturesRollTracker - WARNING - Security error for NQJ5 Index: Unknown/Invalid Security  [nid:23008]
2025-04-13 14:12:46,294 - FuturesRollTracker - WARNING - Security error for NQK5 Index: Unknown/Invalid Security  [nid:23008]
2025-04-13 14:12:46,294 - FuturesRollTracker - INFO - Direct lookup contracts not found for NQ
2025-04-13 14:12:46,294 - FuturesRollTracker - INFO - Requesting futures chain for NQ
2025-04-13 14:12:46,632 - FuturesRollTracker - WARNING - No futures contracts found in chain for NQ
2025-04-13 14:12:46,633 - FuturesRollTracker - INFO - Requesting generic futures for NQ
2025-04-13 14:12:47,043 - FuturesRollTracker - WARNING - Could not resolve active contracts from generic futures for NQ
2025-04-13 14:12:47,043 - FuturesRollTracker - WARNING - Failed to retrieve active contracts for NQ using all methods, using sample data
2025-04-13 14:12:47,043 - FuturesRollTracker - INFO - Generated sample contracts for NQ: Front=NQJ5 Index, Next=NQK5 Index
2025-04-13 14:12:47,044 - FuturesRollTracker - INFO - Requesting roll data for NQJ5 Index and NQK5 Index
2025-04-13 14:12:47,401 - FuturesRollTracker - WARNING - Security error for NQJ5 Index: Unknown/Invalid Security  [nid:22090]
2025-04-13 14:12:47,401 - FuturesRollTracker - WARNING - Security error for NQK5 Index: Unknown/Invalid Security  [nid:22090]
2025-04-13 14:12:47,401 - FuturesRollTracker - WARNING - Missing data for NQJ5 Index or NQK5 Index, using sample data
2025-04-13 14:12:47,402 - FuturesRollTracker - INFO - Sample roll data: Volume=40.0%, OI=37.6%, Avg=38.8%
2025-04-13 14:12:47,871 - FuturesRollTracker - WARNING - Security error for YMJ5 Index: Unknown/Invalid Security  [nid:23926]
2025-04-13 14:12:47,871 - FuturesRollTracker - WARNING - Security error for YMK5 Index: Unknown/Invalid Security  [nid:23926]
2025-04-13 14:12:47,871 - FuturesRollTracker - INFO - Direct lookup contracts not found for YM
2025-04-13 14:12:47,871 - FuturesRollTracker - INFO - Requesting futures chain for YM
2025-04-13 14:12:48,167 - FuturesRollTracker - WARNING - No futures contracts found in chain for YM
2025-04-13 14:12:48,168 - FuturesRollTracker - INFO - Requesting generic futures for YM
2025-04-13 14:12:48,573 - FuturesRollTracker - WARNING - Security error for YM1 Index: Unknown/Invalid Security  [nid:23099]
2025-04-13 14:12:48,573 - FuturesRollTracker - WARNING - Could not resolve active contracts from generic futures for YM
2025-04-13 14:12:48,573 - FuturesRollTracker - WARNING - Failed to retrieve active contracts for YM using all methods, using sample data
2025-04-13 14:12:48,574 - FuturesRollTracker - INFO - Generated sample contracts for YM: Front=YMJ5 Index, Next=YMK5 Index
2025-04-13 14:12:48,574 - FuturesRollTracker - INFO - Requesting roll data for YMJ5 Index and YMK5 Index
2025-04-13 14:12:48,931 - FuturesRollTracker - WARNING - Security error for YMJ5 Index: Unknown/Invalid Security  [nid:24196]
2025-04-13 14:12:48,932 - FuturesRollTracker - WARNING - Security error for YMK5 Index: Unknown/Invalid Security  [nid:24196]
2025-04-13 14:12:48,932 - FuturesRollTracker - WARNING - Missing data for YMJ5 Index or YMK5 Index, using sample data
2025-04-13 14:12:48,932 - FuturesRollTracker - INFO - Sample roll data: Volume=45.1%, OI=42.1%, Avg=43.6%
2025-04-13 14:12:49,403 - FuturesRollTracker - WARNING - Security error for RTYJ5 Index: Unknown/Invalid Security  [nid:21935]
2025-04-13 14:12:49,404 - FuturesRollTracker - WARNING - Security error for RTYK5 Index: Unknown/Invalid Security  [nid:21935]
2025-04-13 14:12:49,404 - FuturesRollTracker - INFO - Direct lookup contracts not found for RTY
2025-04-13 14:12:49,404 - FuturesRollTracker - INFO - Requesting futures chain for RTY
2025-04-13 14:12:49,775 - FuturesRollTracker - WARNING - No futures contracts found in chain for RTY
2025-04-13 14:12:49,775 - FuturesRollTracker - INFO - Requesting generic futures for RTY
2025-04-13 14:12:50,199 - FuturesRollTracker - WARNING - Could not resolve active contracts from generic futures for RTY
2025-04-13 14:12:50,200 - FuturesRollTracker - WARNING - Failed to retrieve active contracts for RTY using all methods, using sample data
2025-04-13 14:12:50,200 - FuturesRollTracker - INFO - Generated sample contracts for RTY: Front=RTYJ5 Index, Next=RTYK5 Index
2025-04-13 14:12:50,201 - FuturesRollTracker - INFO - Requesting roll data for RTYJ5 Index and RTYK5 Index
2025-04-13 14:12:50,571 - FuturesRollTracker - WARNING - Security error for RTYJ5 Index: Unknown/Invalid Security  [nid:23106]
2025-04-13 14:12:50,571 - FuturesRollTracker - WARNING - Security error for RTYK5 Index: Unknown/Invalid Security  [nid:23106]
2025-04-13 14:12:50,572 - FuturesRollTracker - WARNING - Missing data for RTYJ5 Index or RTYK5 Index, using sample data
2025-04-13 14:12:50,572 - FuturesRollTracker - INFO - Sample roll data: Volume=39.9%, OI=44.0%, Avg=42.0%
2025-04-13 14:12:51,071 - FuturesRollTracker - INFO - Found active contracts for CL via direct lookup: Front=CLJ5 Comdty, Next=CLK5 Comdty
2025-04-13 14:12:51,072 - FuturesRollTracker - INFO - Requesting roll data for CLJ5 Comdty and CLK5 Comdty
2025-04-13 14:12:51,406 - FuturesRollTracker - WARNING - No volume data for CLJ5 Comdty
2025-04-13 14:12:51,407 - FuturesRollTracker - WARNING - No open interest data for CLJ5 Comdty
2025-04-13 14:12:51,407 - FuturesRollTracker - WARNING - No open interest data for CLK5 Comdty
2025-04-13 14:12:51,407 - FuturesRollTracker - WARNING - Missing data for CLJ5 Comdty or CLK5 Comdty, using sample data
2025-04-13 14:12:51,408 - FuturesRollTracker - INFO - Sample roll data: Volume=29.5%, OI=25.6%, Avg=27.5%
2025-04-13 14:12:51,878 - FuturesRollTracker - INFO - Found active contracts for GC via direct lookup: Front=GCJ5 Comdty, Next=GCK5 Comdty
2025-04-13 14:12:51,878 - FuturesRollTracker - INFO - Requesting roll data for GCJ5 Comdty and GCK5 Comdty
2025-04-13 14:12:52,233 - FuturesRollTracker - WARNING - No open interest data for GCJ5 Comdty
2025-04-13 14:12:52,234 - FuturesRollTracker - WARNING - No open interest data for GCK5 Comdty
2025-04-13 14:12:52,235 - FuturesRollTracker - WARNING - Missing data for GCJ5 Comdty or GCK5 Comdty, using sample data
2025-04-13 14:12:52,236 - FuturesRollTracker - INFO - Sample roll data: Volume=26.8%, OI=27.1%, Avg=26.9%
2025-04-13 14:12:52,693 - FuturesRollTracker - INFO - Found active contracts for SI via direct lookup: Front=SIJ5 Comdty, Next=SIK5 Comdty
2025-04-13 14:12:52,694 - FuturesRollTracker - INFO - Requesting roll data for SIJ5 Comdty and SIK5 Comdty
2025-04-13 14:12:53,128 - FuturesRollTracker - WARNING - No open interest data for SIJ5 Comdty
2025-04-13 14:12:53,129 - FuturesRollTracker - WARNING - No open interest data for SIK5 Comdty
2025-04-13 14:12:53,129 - FuturesRollTracker - WARNING - Missing data for SIJ5 Comdty or SIK5 Comdty, using sample data
2025-04-13 14:12:53,129 - FuturesRollTracker - INFO - Sample roll data: Volume=21.1%, OI=22.0%, Avg=21.5%
2025-04-13 14:12:53,681 - FuturesRollTracker - INFO - Found active contracts for HG via direct lookup: Front=HGJ5 Comdty, Next=HGK5 Comdty
2025-04-13 14:12:53,682 - FuturesRollTracker - INFO - Requesting roll data for HGJ5 Comdty and HGK5 Comdty
2025-04-13 14:12:54,032 - FuturesRollTracker - WARNING - No open interest data for HGJ5 Comdty
2025-04-13 14:12:54,033 - FuturesRollTracker - WARNING - No open interest data for HGK5 Comdty
2025-04-13 14:12:54,033 - FuturesRollTracker - WARNING - Missing data for HGJ5 Comdty or HGK5 Comdty, using sample data
2025-04-13 14:12:54,033 - FuturesRollTracker - INFO - Sample roll data: Volume=35.1%, OI=20.8%, Avg=27.9%
2025-04-13 14:12:54,455 - FuturesRollTracker - WARNING - Security error for NGJ5 Comdty: Unknown/Invalid Security  [nid:23462]
2025-04-13 14:12:54,455 - FuturesRollTracker - WARNING - Security error for NGK5 Comdty: Unknown/Invalid Security  [nid:23462]
2025-04-13 14:12:54,456 - FuturesRollTracker - INFO - Direct lookup contracts not found for NG
2025-04-13 14:12:54,456 - FuturesRollTracker - INFO - Requesting futures chain for NG
2025-04-13 14:12:54,777 - FuturesRollTracker - WARNING - No futures contracts found in chain for NG
2025-04-13 14:12:54,777 - FuturesRollTracker - INFO - Requesting generic futures for NG
2025-04-13 14:12:55,474 - FuturesRollTracker - WARNING - Could not resolve active contracts from generic futures for NG
2025-04-13 14:12:55,474 - FuturesRollTracker - WARNING - Failed to retrieve active contracts for NG using all methods, using sample data
2025-04-13 14:12:55,475 - FuturesRollTracker - INFO - Generated sample contracts for NG: Front=NGJ5 Comdty, Next=NGK5 Comdty
2025-04-13 14:12:55,475 - FuturesRollTracker - INFO - Requesting roll data for NGJ5 Comdty and NGK5 Comdty
2025-04-13 14:12:55,803 - FuturesRollTracker - WARNING - Security error for NGJ5 Comdty: Unknown/Invalid Security  [nid:21939]
2025-04-13 14:12:55,804 - FuturesRollTracker - WARNING - Security error for NGK5 Comdty: Unknown/Invalid Security  [nid:21939]
2025-04-13 14:12:55,804 - FuturesRollTracker - WARNING - Missing data for NGJ5 Comdty or NGK5 Comdty, using sample data
2025-04-13 14:12:55,805 - FuturesRollTracker - INFO - Sample roll data: Volume=17.3%, OI=26.7%, Avg=22.0%
2025-04-13 14:12:56,337 - FuturesRollTracker - WARNING - Security error for ZBJ5 Comdty: Unknown/Invalid Security  [nid:19435]
2025-04-13 14:12:56,338 - FuturesRollTracker - INFO - Direct lookup contracts not found for ZB
2025-04-13 14:12:56,339 - FuturesRollTracker - INFO - Requesting futures chain for ZB
2025-04-13 14:12:56,653 - FuturesRollTracker - WARNING - No futures contracts found in chain for ZB
2025-04-13 14:12:56,654 - FuturesRollTracker - INFO - Requesting generic futures for ZB
2025-04-13 14:12:57,066 - FuturesRollTracker - WARNING - Could not resolve active contracts from generic futures for ZB
2025-04-13 14:12:57,066 - FuturesRollTracker - WARNING - Failed to retrieve active contracts for ZB using all methods, using sample data
2025-04-13 14:12:57,067 - FuturesRollTracker - INFO - Generated sample contracts for ZB: Front=ZBJ5 Comdty, Next=ZBK5 Comdty
2025-04-13 14:12:57,067 - FuturesRollTracker - INFO - Requesting roll data for ZBJ5 Comdty and ZBK5 Comdty
2025-04-13 14:12:57,500 - FuturesRollTracker - WARNING - Security error for ZBJ5 Comdty: Unknown/Invalid Security  [nid:19355]
2025-04-13 14:12:57,501 - FuturesRollTracker - WARNING - No open interest data for ZBK5 Comdty
2025-04-13 14:12:57,501 - FuturesRollTracker - WARNING - Missing data for ZBJ5 Comdty or ZBK5 Comdty, using sample data
2025-04-13 14:12:57,502 - FuturesRollTracker - INFO - Sample roll data: Volume=22.2%, OI=21.4%, Avg=21.8%
2025-04-13 14:12:57,994 - FuturesRollTracker - WARNING - Security error for ZNJ5 Comdty: Unknown/Invalid Security  [nid:24061]
2025-04-13 14:12:57,995 - FuturesRollTracker - WARNING - Security error for ZNK5 Comdty: Unknown/Invalid Security  [nid:24061]
2025-04-13 14:12:57,995 - FuturesRollTracker - INFO - Direct lookup contracts not found for ZN
2025-04-13 14:12:57,996 - FuturesRollTracker - INFO - Requesting futures chain for ZN
2025-04-13 14:12:58,313 - FuturesRollTracker - WARNING - No futures contracts found in chain for ZN
2025-04-13 14:12:58,314 - FuturesRollTracker - INFO - Requesting generic futures for ZN
2025-04-13 14:12:58,872 - FuturesRollTracker - WARNING - Could not resolve active contracts from generic futures for ZN
2025-04-13 14:12:58,872 - FuturesRollTracker - WARNING - Failed to retrieve active contracts for ZN using all methods, using sample data
2025-04-13 14:12:58,872 - FuturesRollTracker - INFO - Generated sample contracts for ZN: Front=ZNJ5 Comdty, Next=ZNK5 Comdty
2025-04-13 14:12:58,873 - FuturesRollTracker - INFO - Requesting roll data for ZNJ5 Comdty and ZNK5 Comdty
2025-04-13 14:12:59,218 - FuturesRollTracker - WARNING - Security error for ZNJ5 Comdty: Unknown/Invalid Security  [nid:24137]
2025-04-13 14:12:59,218 - FuturesRollTracker - WARNING - Security error for ZNK5 Comdty: Unknown/Invalid Security  [nid:24137]
2025-04-13 14:12:59,219 - FuturesRollTracker - WARNING - Missing data for ZNJ5 Comdty or ZNK5 Comdty, using sample data
2025-04-13 14:12:59,219 - FuturesRollTracker - INFO - Sample roll data: Volume=27.2%, OI=26.1%, Avg=26.7%
2025-04-13 14:12:59,802 - FuturesRollTracker - WARNING - Security error for ZFJ5 Comdty: Unknown/Invalid Security  [nid:21930]
2025-04-13 14:12:59,803 - FuturesRollTracker - WARNING - Security error for ZFK5 Comdty: Unknown/Invalid Security  [nid:21930]
2025-04-13 14:12:59,803 - FuturesRollTracker - INFO - Direct lookup contracts not found for ZF
2025-04-13 14:12:59,804 - FuturesRollTracker - INFO - Requesting futures chain for ZF
2025-04-13 14:13:00,139 - FuturesRollTracker - WARNING - No futures contracts found in chain for ZF
2025-04-13 14:13:00,139 - FuturesRollTracker - INFO - Requesting generic futures for ZF
2025-04-13 14:13:00,623 - FuturesRollTracker - WARNING - Could not resolve active contracts from generic futures for ZF
2025-04-13 14:13:00,624 - FuturesRollTracker - WARNING - Failed to retrieve active contracts for ZF using all methods, using sample data
2025-04-13 14:13:00,625 - FuturesRollTracker - INFO - Generated sample contracts for ZF: Front=ZFJ5 Comdty, Next=ZFK5 Comdty
2025-04-13 14:13:00,625 - FuturesRollTracker - INFO - Requesting roll data for ZFJ5 Comdty and ZFK5 Comdty
2025-04-13 14:13:00,986 - FuturesRollTracker - WARNING - Security error for ZFJ5 Comdty: Unknown/Invalid Security  [nid:19433]
2025-04-13 14:13:00,987 - FuturesRollTracker - WARNING - Security error for ZFK5 Comdty: Unknown/Invalid Security  [nid:19433]
2025-04-13 14:13:00,987 - FuturesRollTracker - WARNING - Missing data for ZFJ5 Comdty or ZFK5 Comdty, using sample data
2025-04-13 14:13:00,988 - FuturesRollTracker - INFO - Sample roll data: Volume=30.4%, OI=29.5%, Avg=29.9%
2025-04-13 14:13:01,489 - FuturesRollTracker - WARNING - Security error for 6EJ5 Curncy: Unknown/Invalid Security  [nid:19435]
2025-04-13 14:13:01,489 - FuturesRollTracker - WARNING - Security error for 6EK5 Curncy: Unknown/Invalid Security  [nid:19435]
2025-04-13 14:13:01,489 - FuturesRollTracker - INFO - Direct lookup contracts not found for 6E
2025-04-13 14:13:01,489 - FuturesRollTracker - INFO - Requesting futures chain for 6E
2025-04-13 14:13:01,855 - FuturesRollTracker - WARNING - No futures contracts found in chain for 6E
2025-04-13 14:13:01,856 - FuturesRollTracker - INFO - Requesting generic futures for 6E
2025-04-13 14:13:02,243 - FuturesRollTracker - WARNING - Security error for 6E1 Curncy: Unknown/Invalid Security  [nid:19499]
2025-04-13 14:13:02,244 - FuturesRollTracker - WARNING - Security error for 6E2 Curncy: Unknown/Invalid Security  [nid:19499]
2025-04-13 14:13:02,244 - FuturesRollTracker - WARNING - Could not resolve active contracts from generic futures for 6E
2025-04-13 14:13:02,245 - FuturesRollTracker - WARNING - Failed to retrieve active contracts for 6E using all methods, using sample data
2025-04-13 14:13:02,245 - FuturesRollTracker - INFO - Generated sample contracts for 6E: Front=6EJ5 Curncy, Next=6EK5 Curncy
2025-04-13 14:13:02,245 - FuturesRollTracker - INFO - Requesting roll data for 6EJ5 Curncy and 6EK5 Curncy
2025-04-13 14:13:02,604 - FuturesRollTracker - WARNING - Security error for 6EJ5 Curncy: Unknown/Invalid Security  [nid:23007]
2025-04-13 14:13:02,605 - FuturesRollTracker - WARNING - Security error for 6EK5 Curncy: Unknown/Invalid Security  [nid:23007]
2025-04-13 14:13:02,605 - FuturesRollTracker - WARNING - Missing data for 6EJ5 Curncy or 6EK5 Curncy, using sample data
2025-04-13 14:13:02,605 - FuturesRollTracker - INFO - Sample roll data: Volume=32.2%, OI=24.9%, Avg=28.5%
2025-04-13 14:13:03,093 - FuturesRollTracker - WARNING - Security error for 6JJ5 Curncy: Unknown/Invalid Security  [nid:19365]
2025-04-13 14:13:03,094 - FuturesRollTracker - WARNING - Security error for 6JK5 Curncy: Unknown/Invalid Security  [nid:19365]
2025-04-13 14:13:03,094 - FuturesRollTracker - INFO - Direct lookup contracts not found for 6J
2025-04-13 14:13:03,095 - FuturesRollTracker - INFO - Requesting futures chain for 6J
2025-04-13 14:13:03,425 - FuturesRollTracker - WARNING - No futures contracts found in chain for 6J
2025-04-13 14:13:03,426 - FuturesRollTracker - INFO - Requesting generic futures for 6J
2025-04-13 14:13:03,811 - FuturesRollTracker - WARNING - Security error for 6J1 Curncy: Unknown/Invalid Security  [nid:19533]
2025-04-13 14:13:03,811 - FuturesRollTracker - WARNING - Security error for 6J2 Curncy: Unknown/Invalid Security  [nid:19533]
2025-04-13 14:13:03,811 - FuturesRollTracker - WARNING - Could not resolve active contracts from generic futures for 6J
2025-04-13 14:13:03,811 - FuturesRollTracker - WARNING - Failed to retrieve active contracts for 6J using all methods, using sample data
2025-04-13 14:13:03,812 - FuturesRollTracker - INFO - Generated sample contracts for 6J: Front=6JJ5 Curncy, Next=6JK5 Curncy
2025-04-13 14:13:03,812 - FuturesRollTracker - INFO - Requesting roll data for 6JJ5 Curncy and 6JK5 Curncy
2025-04-13 14:13:04,171 - FuturesRollTracker - WARNING - Security error for 6JJ5 Curncy: Unknown/Invalid Security  [nid:23107]
2025-04-13 14:13:04,171 - FuturesRollTracker - WARNING - Security error for 6JK5 Curncy: Unknown/Invalid Security  [nid:23107]
2025-04-13 14:13:04,171 - FuturesRollTracker - WARNING - Missing data for 6JJ5 Curncy or 6JK5 Curncy, using sample data
2025-04-13 14:13:04,171 - FuturesRollTracker - INFO - Sample roll data: Volume=25.7%, OI=26.1%, Avg=25.9%
2025-04-13 14:13:04,630 - FuturesRollTracker - WARNING - Security error for 6BJ5 Curncy: Unknown/Invalid Security  [nid:21943]
2025-04-13 14:13:04,631 - FuturesRollTracker - WARNING - Security error for 6BK5 Curncy: Unknown/Invalid Security  [nid:21943]
2025-04-13 14:13:04,631 - FuturesRollTracker - INFO - Direct lookup contracts not found for 6B
2025-04-13 14:13:04,631 - FuturesRollTracker - INFO - Requesting futures chain for 6B
2025-04-13 14:13:04,971 - FuturesRollTracker - WARNING - No futures contracts found in chain for 6B
2025-04-13 14:13:04,972 - FuturesRollTracker - INFO - Requesting generic futures for 6B
2025-04-13 14:13:05,347 - FuturesRollTracker - WARNING - Security error for 6B1 Curncy: Unknown/Invalid Security  [nid:19425]
2025-04-13 14:13:05,347 - FuturesRollTracker - WARNING - Security error for 6B2 Curncy: Unknown/Invalid Security  [nid:19425]
2025-04-13 14:13:05,348 - FuturesRollTracker - WARNING - Could not resolve active contracts from generic futures for 6B
2025-04-13 14:13:05,348 - FuturesRollTracker - WARNING - Failed to retrieve active contracts for 6B using all methods, using sample data
2025-04-13 14:13:05,348 - FuturesRollTracker - INFO - Generated sample contracts for 6B: Front=6BJ5 Curncy, Next=6BK5 Curncy
2025-04-13 14:13:05,349 - FuturesRollTracker - INFO - Requesting roll data for 6BJ5 Curncy and 6BK5 Curncy
2025-04-13 14:13:05,706 - FuturesRollTracker - WARNING - Security error for 6BJ5 Curncy: Unknown/Invalid Security  [nid:23210]
2025-04-13 14:13:05,706 - FuturesRollTracker - WARNING - Security error for 6BK5 Curncy: Unknown/Invalid Security  [nid:23210]
2025-04-13 14:13:05,707 - FuturesRollTracker - WARNING - Missing data for 6BJ5 Curncy or 6BK5 Curncy, using sample data
2025-04-13 14:13:05,707 - FuturesRollTracker - INFO - Sample roll data: Volume=32.4%, OI=19.0%, Avg=25.7%
2025-04-13 14:13:06,175 - FuturesRollTracker - WARNING - Security error for 6CJ5 Curncy: Unknown/Invalid Security  [nid:21943]
2025-04-13 14:13:06,175 - FuturesRollTracker - WARNING - Security error for 6CK5 Curncy: Unknown/Invalid Security  [nid:21943]
2025-04-13 14:13:06,176 - FuturesRollTracker - INFO - Direct lookup contracts not found for 6C
2025-04-13 14:13:06,176 - FuturesRollTracker - INFO - Requesting futures chain for 6C
2025-04-13 14:13:06,516 - FuturesRollTracker - WARNING - No futures contracts found in chain for 6C
2025-04-13 14:13:06,516 - FuturesRollTracker - INFO - Requesting generic futures for 6C
2025-04-13 14:13:06,866 - FuturesRollTracker - WARNING - Security error for 6C1 Curncy: Unknown/Invalid Security  [nid:23762]
2025-04-13 14:13:06,866 - FuturesRollTracker - WARNING - Security error for 6C2 Curncy: Unknown/Invalid Security  [nid:23762]
2025-04-13 14:13:06,866 - FuturesRollTracker - WARNING - Could not resolve active contracts from generic futures for 6C
2025-04-13 14:13:06,866 - FuturesRollTracker - WARNING - Failed to retrieve active contracts for 6C using all methods, using sample data
2025-04-13 14:13:06,866 - FuturesRollTracker - INFO - Generated sample contracts for 6C: Front=6CJ5 Curncy, Next=6CK5 Curncy
2025-04-13 14:13:06,867 - FuturesRollTracker - INFO - Requesting roll data for 6CJ5 Curncy and 6CK5 Curncy
2025-04-13 14:13:07,203 - FuturesRollTracker - WARNING - Security error for 6CJ5 Curncy: Unknown/Invalid Security  [nid:21927]
2025-04-13 14:13:07,204 - FuturesRollTracker - WARNING - Security error for 6CK5 Curncy: Unknown/Invalid Security  [nid:21927]
2025-04-13 14:13:07,204 - FuturesRollTracker - WARNING - Missing data for 6CJ5 Curncy or 6CK5 Curncy, using sample data
2025-04-13 14:13:07,204 - FuturesRollTracker - INFO - Sample roll data: Volume=25.2%, OI=23.4%, Avg=24.3%
2025-04-13 14:13:07,685 - FuturesRollTracker - WARNING - Security error for 6AJ5 Curncy: Unknown/Invalid Security  [nid:19390]
2025-04-13 14:13:07,686 - FuturesRollTracker - WARNING - Security error for 6AK5 Curncy: Unknown/Invalid Security  [nid:19390]
2025-04-13 14:13:07,686 - FuturesRollTracker - INFO - Direct lookup contracts not found for 6A
2025-04-13 14:13:07,687 - FuturesRollTracker - INFO - Requesting futures chain for 6A
2025-04-13 14:13:08,005 - FuturesRollTracker - WARNING - No futures contracts found in chain for 6A
2025-04-13 14:13:08,005 - FuturesRollTracker - INFO - Requesting generic futures for 6A
2025-04-13 14:13:08,353 - FuturesRollTracker - WARNING - Security error for 6A1 Curncy: Unknown/Invalid Security  [nid:23106]
2025-04-13 14:13:08,353 - FuturesRollTracker - WARNING - Security error for 6A2 Curncy: Unknown/Invalid Security  [nid:23106]
2025-04-13 14:13:08,354 - FuturesRollTracker - WARNING - Could not resolve active contracts from generic futures for 6A
2025-04-13 14:13:08,355 - FuturesRollTracker - WARNING - Failed to retrieve active contracts for 6A using all methods, using sample data
2025-04-13 14:13:08,355 - FuturesRollTracker - INFO - Generated sample contracts for 6A: Front=6AJ5 Curncy, Next=6AK5 Curncy
2025-04-13 14:13:08,356 - FuturesRollTracker - INFO - Requesting roll data for 6AJ5 Curncy and 6AK5 Curncy
2025-04-13 14:13:08,718 - FuturesRollTracker - WARNING - Security error for 6AJ5 Curncy: Unknown/Invalid Security  [nid:19354]
2025-04-13 14:13:08,718 - FuturesRollTracker - WARNING - Security error for 6AK5 Curncy: Unknown/Invalid Security  [nid:19354]
2025-04-13 14:13:08,719 - FuturesRollTracker - WARNING - Missing data for 6AJ5 Curncy or 6AK5 Curncy, using sample data
2025-04-13 14:13:08,719 - FuturesRollTracker - INFO - Sample roll data: Volume=20.2%, OI=21.4%, Avg=20.8%
2025-04-13 14:13:09,258 - FuturesRollTracker - INFO - Found active contracts for HSI via direct lookup: Front=HSIJ5 Index, Next=HSIK5 Index
2025-04-13 14:13:09,259 - FuturesRollTracker - INFO - Requesting roll data for HSIJ5 Index and HSIK5 Index
2025-04-13 14:13:09,630 - FuturesRollTracker - WARNING - No volume data for HSIJ5 Index
2025-04-13 14:13:09,630 - FuturesRollTracker - WARNING - No open interest data for HSIJ5 Index
2025-04-13 14:13:09,630 - FuturesRollTracker - WARNING - No volume data for HSIK5 Index
2025-04-13 14:13:09,631 - FuturesRollTracker - WARNING - No open interest data for HSIK5 Index
2025-04-13 14:13:09,631 - FuturesRollTracker - WARNING - Missing data for HSIJ5 Index or HSIK5 Index, using sample data
2025-04-13 14:13:09,632 - FuturesRollTracker - INFO - Sample roll data: Volume=35.9%, OI=45.9%, Avg=40.9%
2025-04-13 14:13:10,072 - FuturesRollTracker - WARNING - Security error for NKYJ5 Index: Unknown/Invalid Security  [nid:24057]
2025-04-13 14:13:10,073 - FuturesRollTracker - WARNING - Security error for NKYK5 Index: Unknown/Invalid Security  [nid:24057]
2025-04-13 14:13:10,073 - FuturesRollTracker - INFO - Direct lookup contracts not found for NKY
2025-04-13 14:13:10,073 - FuturesRollTracker - INFO - Requesting futures chain for NKY
2025-04-13 14:13:10,744 - FuturesRollTracker - WARNING - No futures contracts found in chain for NKY
2025-04-13 14:13:10,746 - FuturesRollTracker - INFO - Requesting generic futures for NKY
2025-04-13 14:13:11,161 - FuturesRollTracker - WARNING - Security error for NKY1 Index: Unknown/Invalid Security  [nid:21939]
2025-04-13 14:13:11,163 - FuturesRollTracker - WARNING - Could not resolve active contracts from generic futures for NKY
2025-04-13 14:13:11,163 - FuturesRollTracker - WARNING - Failed to retrieve active contracts for NKY using all methods, using sample data
2025-04-13 14:13:11,163 - FuturesRollTracker - INFO - Generated sample contracts for NKY: Front=NKYJ5 Index, Next=NKYK5 Index
2025-04-13 14:13:11,163 - FuturesRollTracker - INFO - Requesting roll data for NKYJ5 Index and NKYK5 Index
2025-04-13 14:13:11,515 - FuturesRollTracker - WARNING - Security error for NKYJ5 Index: Unknown/Invalid Security  [nid:21932]
2025-04-13 14:13:11,516 - FuturesRollTracker - WARNING - Security error for NKYK5 Index: Unknown/Invalid Security  [nid:21932]
2025-04-13 14:13:11,516 - FuturesRollTracker - WARNING - Missing data for NKYJ5 Index or NKYK5 Index, using sample data
2025-04-13 14:13:11,517 - FuturesRollTracker - INFO - Sample roll data: Volume=40.9%, OI=45.0%, Avg=42.9%
2025-04-13 14:13:11,974 - FuturesRollTracker - WARNING - Security error for SGXJ5 Index: Unknown/Invalid Security  [nid:19435]
2025-04-13 14:13:11,975 - FuturesRollTracker - WARNING - Security error for SGXK5 Index: Unknown/Invalid Security  [nid:19435]
2025-04-13 14:13:11,975 - FuturesRollTracker - INFO - Direct lookup contracts not found for SGX
2025-04-13 14:13:11,976 - FuturesRollTracker - INFO - Requesting futures chain for SGX
2025-04-13 14:13:12,444 - FuturesRollTracker - WARNING - No futures contracts found in chain for SGX
2025-04-13 14:13:12,444 - FuturesRollTracker - INFO - Requesting generic futures for SGX
2025-04-13 14:13:12,852 - FuturesRollTracker - WARNING - Security error for SGX2 Index: Unknown/Invalid Security  [nid:24198]
2025-04-13 14:13:12,853 - FuturesRollTracker - WARNING - Could not resolve active contracts from generic futures for SGX
2025-04-13 14:13:12,853 - FuturesRollTracker - WARNING - Failed to retrieve active contracts for SGX using all methods, using sample data
2025-04-13 14:13:12,853 - FuturesRollTracker - INFO - Generated sample contracts for SGX: Front=SGXJ5 Index, Next=SGXK5 Index
2025-04-13 14:13:12,854 - FuturesRollTracker - INFO - Requesting roll data for SGXJ5 Index and SGXK5 Index
2025-04-13 14:13:13,182 - FuturesRollTracker - WARNING - Security error for SGXJ5 Index: Unknown/Invalid Security  [nid:21932]
2025-04-13 14:13:13,182 - FuturesRollTracker - WARNING - Security error for SGXK5 Index: Unknown/Invalid Security  [nid:21932]
2025-04-13 14:13:13,183 - FuturesRollTracker - WARNING - Missing data for SGXJ5 Index or SGXK5 Index, using sample data
2025-04-13 14:13:13,183 - FuturesRollTracker - INFO - Sample roll data: Volume=19.9%, OI=23.9%, Avg=21.9%
2025-04-13 14:13:13,329 - FuturesRollTracker - INFO - Roll data saved to Excel file: futures_roll_data.xlsx
2025-04-13 14:13:13,330 - FuturesRollTracker - INFO - Bloomberg session stopped
2025-04-13 14:19:05,441 - FuturesRollTracker - INFO - Connecting to Bloomberg at 127.0.0.1:8194
2025-04-13 14:19:05,972 - FuturesRollTracker - INFO - Bloomberg session started successfully
2025-04-13 14:19:05,974 - FuturesRollTracker - INFO - Read 20 futures tickers from futures_list.txt
2025-04-13 14:19:06,688 - FuturesRollTracker - INFO - Found active contracts for ES: Front=ESM5 Index, Next=ESU5 Index
2025-04-13 14:19:06,688 - FuturesRollTracker - INFO - Requesting roll data for ESM5 Index and ESU5 Index
2025-04-13 14:19:07,025 - FuturesRollTracker - WARNING - No open interest data for ESM5 Index
2025-04-13 14:19:07,026 - FuturesRollTracker - WARNING - No open interest data for ESU5 Index
2025-04-13 14:19:07,026 - FuturesRollTracker - ERROR - Error calculating roll percentage: unsupported format string passed to NoneType.__format__
2025-04-13 14:19:07,026 - FuturesRollTracker - WARNING - Falling back to sample data for ESM5 Index/ESU5 Index
2025-04-13 14:19:07,027 - FuturesRollTracker - INFO - Sample roll data: Volume=36.1%, OI=37.9%, Avg=37.0%
2025-04-13 14:19:07,754 - FuturesRollTracker - INFO - Found active contracts for NQ: Front=NQM5 Index, Next=NQU5 Index
2025-04-13 14:19:07,755 - FuturesRollTracker - INFO - Requesting roll data for NQM5 Index and NQU5 Index
2025-04-13 14:19:08,111 - FuturesRollTracker - WARNING - No open interest data for NQM5 Index
2025-04-13 14:19:08,111 - FuturesRollTracker - WARNING - No open interest data for NQU5 Index
2025-04-13 14:19:08,111 - FuturesRollTracker - ERROR - Error calculating roll percentage: unsupported format string passed to NoneType.__format__
2025-04-13 14:19:08,111 - FuturesRollTracker - WARNING - Falling back to sample data for NQM5 Index/NQU5 Index
2025-04-13 14:19:08,112 - FuturesRollTracker - INFO - Sample roll data: Volume=39.6%, OI=41.3%, Avg=40.4%
2025-04-13 14:19:08,919 - FuturesRollTracker - INFO - Found active contracts for YM: Front=YMM5 Index, Next=YMU5 Index
2025-04-13 14:19:08,920 - FuturesRollTracker - INFO - Requesting roll data for YMM5 Index and YMU5 Index
2025-04-13 14:19:09,414 - FuturesRollTracker - WARNING - No open interest data for YMM5 Index
2025-04-13 14:19:09,415 - FuturesRollTracker - WARNING - No volume data for YMU5 Index
2025-04-13 14:19:09,415 - FuturesRollTracker - WARNING - No open interest data for YMU5 Index
2025-04-13 14:19:09,416 - FuturesRollTracker - ERROR - Error calculating roll percentage: unsupported format string passed to NoneType.__format__
2025-04-13 14:19:09,416 - FuturesRollTracker - WARNING - Falling back to sample data for YMM5 Index/YMU5 Index
2025-04-13 14:19:09,417 - FuturesRollTracker - INFO - Sample roll data: Volume=42.8%, OI=42.1%, Avg=42.5%
2025-04-13 14:19:10,172 - FuturesRollTracker - INFO - Found active contracts for RTY: Front=RTYM5 Index, Next=RTYU5 Index
2025-04-13 14:19:10,173 - FuturesRollTracker - INFO - Requesting roll data for RTYM5 Index and RTYU5 Index
2025-04-13 14:19:10,529 - FuturesRollTracker - WARNING - No open interest data for RTYM5 Index
2025-04-13 14:19:10,529 - FuturesRollTracker - WARNING - No open interest data for RTYU5 Index
2025-04-13 14:19:10,530 - FuturesRollTracker - ERROR - Error calculating roll percentage: unsupported format string passed to NoneType.__format__
2025-04-13 14:19:10,530 - FuturesRollTracker - WARNING - Falling back to sample data for RTYM5 Index/RTYU5 Index
2025-04-13 14:19:10,530 - FuturesRollTracker - INFO - Sample roll data: Volume=40.3%, OI=38.1%, Avg=39.2%
2025-04-13 14:19:11,243 - FuturesRollTracker - INFO - Found active contracts for CL: Front=CLK25 Comdty, Next=CLM25 Comdty
2025-04-13 14:19:11,244 - FuturesRollTracker - INFO - Requesting roll data for CLK25 Comdty and CLM25 Comdty
2025-04-13 14:19:11,578 - FuturesRollTracker - WARNING - No open interest data for CLK25 Comdty
2025-04-13 14:19:11,578 - FuturesRollTracker - WARNING - No open interest data for CLM25 Comdty
2025-04-13 14:19:11,578 - FuturesRollTracker - ERROR - Error calculating roll percentage: unsupported format string passed to NoneType.__format__
2025-04-13 14:19:11,579 - FuturesRollTracker - WARNING - Falling back to sample data for CLK25 Comdty/CLM25 Comdty
2025-04-13 14:19:11,579 - FuturesRollTracker - INFO - Sample roll data: Volume=31.4%, OI=24.3%, Avg=27.9%
2025-04-13 14:19:12,330 - FuturesRollTracker - INFO - Found active contracts for GC: Front=GCM25 Comdty, Next=GCQ25 Comdty
2025-04-13 14:19:12,330 - FuturesRollTracker - INFO - Requesting roll data for GCM25 Comdty and GCQ25 Comdty
2025-04-13 14:19:12,688 - FuturesRollTracker - WARNING - No open interest data for GCM25 Comdty
2025-04-13 14:19:12,688 - FuturesRollTracker - WARNING - No open interest data for GCQ25 Comdty
2025-04-13 14:19:12,689 - FuturesRollTracker - ERROR - Error calculating roll percentage: unsupported format string passed to NoneType.__format__
2025-04-13 14:19:12,689 - FuturesRollTracker - WARNING - Falling back to sample data for GCM25 Comdty/GCQ25 Comdty
2025-04-13 14:19:12,689 - FuturesRollTracker - INFO - Sample roll data: Volume=19.3%, OI=23.7%, Avg=21.5%
2025-04-13 14:19:13,409 - FuturesRollTracker - INFO - Found active contracts for SI: Front=SIK25 Comdty, Next=SIN25 Comdty
2025-04-13 14:19:13,409 - FuturesRollTracker - INFO - Requesting roll data for SIK25 Comdty and SIN25 Comdty
2025-04-13 14:19:13,755 - FuturesRollTracker - WARNING - No open interest data for SIK25 Comdty
2025-04-13 14:19:13,756 - FuturesRollTracker - WARNING - No open interest data for SIN25 Comdty
2025-04-13 14:19:13,756 - FuturesRollTracker - ERROR - Error calculating roll percentage: unsupported format string passed to NoneType.__format__
2025-04-13 14:19:13,756 - FuturesRollTracker - WARNING - Falling back to sample data for SIK25 Comdty/SIN25 Comdty
2025-04-13 14:19:13,757 - FuturesRollTracker - INFO - Sample roll data: Volume=27.6%, OI=23.9%, Avg=25.7%
2025-04-13 14:19:14,489 - FuturesRollTracker - INFO - Found active contracts for HG: Front=HGK25 Comdty, Next=HGN25 Comdty
2025-04-13 14:19:14,490 - FuturesRollTracker - INFO - Requesting roll data for HGK25 Comdty and HGN25 Comdty
2025-04-13 14:19:14,826 - FuturesRollTracker - WARNING - No open interest data for HGK25 Comdty
2025-04-13 14:19:14,826 - FuturesRollTracker - WARNING - No open interest data for HGN25 Comdty
2025-04-13 14:19:14,826 - FuturesRollTracker - ERROR - Error calculating roll percentage: unsupported format string passed to NoneType.__format__
2025-04-13 14:19:14,826 - FuturesRollTracker - WARNING - Falling back to sample data for HGK25 Comdty/HGN25 Comdty
2025-04-13 14:19:14,827 - FuturesRollTracker - INFO - Sample roll data: Volume=27.8%, OI=23.2%, Avg=25.5%
2025-04-13 14:19:15,574 - FuturesRollTracker - INFO - Found active contracts for NG: Front=NGJ25 Comdty, Next=NGK25 Comdty
2025-04-13 14:19:15,575 - FuturesRollTracker - INFO - Requesting roll data for NGJ25 Comdty and NGK25 Comdty
2025-04-13 14:19:15,947 - FuturesRollTracker - WARNING - No volume data for NGJ25 Comdty
2025-04-13 14:19:15,948 - FuturesRollTracker - WARNING - No open interest data for NGJ25 Comdty
2025-04-13 14:19:15,948 - FuturesRollTracker - WARNING - No open interest data for NGK25 Comdty
2025-04-13 14:19:15,948 - FuturesRollTracker - ERROR - Error calculating roll percentage: unsupported format string passed to NoneType.__format__
2025-04-13 14:19:15,948 - FuturesRollTracker - WARNING - Falling back to sample data for NGJ25 Comdty/NGK25 Comdty
2025-04-13 14:19:15,948 - FuturesRollTracker - INFO - Sample roll data: Volume=17.5%, OI=27.0%, Avg=22.2%
2025-04-13 14:19:16,790 - FuturesRollTracker - INFO - Found active contracts for ZB: Front=ZBM25 Comdty, Next=ZBU25 Comdty
2025-04-13 14:19:16,790 - FuturesRollTracker - INFO - Requesting roll data for ZBM25 Comdty and ZBU25 Comdty
2025-04-13 14:19:17,247 - FuturesRollTracker - WARNING - No open interest data for ZBM25 Comdty
2025-04-13 14:19:17,247 - FuturesRollTracker - WARNING - No open interest data for ZBU25 Comdty
2025-04-13 14:19:17,247 - FuturesRollTracker - ERROR - Error calculating roll percentage: unsupported format string passed to NoneType.__format__
2025-04-13 14:19:17,247 - FuturesRollTracker - WARNING - Falling back to sample data for ZBM25 Comdty/ZBU25 Comdty
2025-04-13 14:19:17,248 - FuturesRollTracker - INFO - Sample roll data: Volume=30.0%, OI=25.5%, Avg=27.7%
2025-04-13 14:19:18,050 - FuturesRollTracker - INFO - Found active contracts for ZN: Front=ZNM25 Comdty, Next=ZNU25 Comdty
2025-04-13 14:19:18,051 - FuturesRollTracker - INFO - Requesting roll data for ZNM25 Comdty and ZNU25 Comdty
2025-04-13 14:19:18,440 - FuturesRollTracker - WARNING - No volume data for ZNM25 Comdty
2025-04-13 14:19:18,440 - FuturesRollTracker - WARNING - No open interest data for ZNM25 Comdty
2025-04-13 14:19:18,441 - FuturesRollTracker - WARNING - No volume data for ZNU25 Comdty
2025-04-13 14:19:18,441 - FuturesRollTracker - WARNING - No open interest data for ZNU25 Comdty
2025-04-13 14:19:18,882 - FuturesRollTracker - WARNING - Security error for ZFM25 Comdty: Unknown/Invalid Security  [nid:19355]
2025-04-13 14:19:18,882 - FuturesRollTracker - WARNING - Front month contract ZFM25 Comdty not found for ZF
2025-04-13 14:19:19,222 - FuturesRollTracker - WARNING - Security error for ZFM25 Index: Unknown/Invalid Security  [nid:19412]
2025-04-13 14:19:19,223 - FuturesRollTracker - WARNING - No valid contracts found for ZF, using sample data
2025-04-13 14:19:19,223 - FuturesRollTracker - INFO - Generated sample contracts for ZF: Front=ZFM25 Comdty, Next=ZFU25 Comdty
2025-04-13 14:19:19,223 - FuturesRollTracker - INFO - Requesting roll data for ZFM25 Comdty and ZFU25 Comdty
2025-04-13 14:19:19,565 - FuturesRollTracker - WARNING - Security error for ZFM25 Comdty: Unknown/Invalid Security  [nid:21939]
2025-04-13 14:19:19,565 - FuturesRollTracker - WARNING - Security error for ZFU25 Comdty: Unknown/Invalid Security  [nid:21939]
2025-04-13 14:19:19,989 - FuturesRollTracker - WARNING - Security error for 6EM25 Curncy: Unknown/Invalid Security  [nid:21927]
2025-04-13 14:19:19,989 - FuturesRollTracker - WARNING - Front month contract 6EM25 Curncy not found for 6E
2025-04-13 14:19:20,289 - FuturesRollTracker - WARNING - Security error for 6EM25 Index: Unknown/Invalid Security  [nid:23106]
2025-04-13 14:19:20,289 - FuturesRollTracker - WARNING - No valid contracts found for 6E, using sample data
2025-04-13 14:19:20,289 - FuturesRollTracker - INFO - Generated sample contracts for 6E: Front=6EM25 Curncy, Next=6EU25 Curncy
2025-04-13 14:19:20,290 - FuturesRollTracker - INFO - Requesting roll data for 6EM25 Curncy and 6EU25 Curncy
2025-04-13 14:19:20,644 - FuturesRollTracker - WARNING - Security error for 6EM25 Curncy: Unknown/Invalid Security  [nid:19559]
2025-04-13 14:19:20,645 - FuturesRollTracker - WARNING - Security error for 6EU25 Curncy: Unknown/Invalid Security  [nid:19559]
2025-04-13 14:19:21,108 - FuturesRollTracker - WARNING - Security error for 6JM25 Curncy: Unknown/Invalid Security  [nid:23210]
2025-04-13 14:19:21,109 - FuturesRollTracker - WARNING - Front month contract 6JM25 Curncy not found for 6J
2025-04-13 14:19:21,439 - FuturesRollTracker - WARNING - Security error for 6JM25 Index: Unknown/Invalid Security  [nid:23118]
2025-04-13 14:19:21,440 - FuturesRollTracker - WARNING - No valid contracts found for 6J, using sample data
2025-04-13 14:19:21,440 - FuturesRollTracker - INFO - Generated sample contracts for 6J: Front=6JM25 Curncy, Next=6JU25 Curncy
2025-04-13 14:19:21,440 - FuturesRollTracker - INFO - Requesting roll data for 6JM25 Curncy and 6JU25 Curncy
2025-04-13 14:19:21,810 - FuturesRollTracker - WARNING - Security error for 6JM25 Curncy: Unknown/Invalid Security  [nid:21935]
2025-04-13 14:19:21,811 - FuturesRollTracker - WARNING - Security error for 6JU25 Curncy: Unknown/Invalid Security  [nid:21935]
2025-04-13 14:19:22,223 - FuturesRollTracker - WARNING - Security error for 6BM25 Curncy: Unknown/Invalid Security  [nid:19392]
2025-04-13 14:19:22,224 - FuturesRollTracker - WARNING - Front month contract 6BM25 Curncy not found for 6B
2025-04-13 14:19:22,545 - FuturesRollTracker - WARNING - Security error for 6BM25 Index: Unknown/Invalid Security  [nid:23762]
2025-04-13 14:19:22,546 - FuturesRollTracker - WARNING - No valid contracts found for 6B, using sample data
2025-04-13 14:19:22,546 - FuturesRollTracker - INFO - Generated sample contracts for 6B: Front=6BM25 Curncy, Next=6BU25 Curncy
2025-04-13 14:19:22,546 - FuturesRollTracker - INFO - Requesting roll data for 6BM25 Curncy and 6BU25 Curncy
2025-04-13 14:19:22,894 - FuturesRollTracker - WARNING - Security error for 6BM25 Curncy: Unknown/Invalid Security  [nid:24198]
2025-04-13 14:19:22,894 - FuturesRollTracker - WARNING - Security error for 6BU25 Curncy: Unknown/Invalid Security  [nid:24198]
2025-04-13 14:19:23,342 - FuturesRollTracker - WARNING - Security error for 6CM25 Curncy: Unknown/Invalid Security  [nid:23008]
2025-04-13 14:19:23,343 - FuturesRollTracker - WARNING - Front month contract 6CM25 Curncy not found for 6C
2025-04-13 14:19:23,687 - FuturesRollTracker - WARNING - Security error for 6CM25 Index: Unknown/Invalid Security  [nid:21937]
2025-04-13 14:19:23,687 - FuturesRollTracker - WARNING - No valid contracts found for 6C, using sample data
2025-04-13 14:19:23,688 - FuturesRollTracker - INFO - Generated sample contracts for 6C: Front=6CM25 Curncy, Next=6CU25 Curncy
2025-04-13 14:19:23,688 - FuturesRollTracker - INFO - Requesting roll data for 6CM25 Curncy and 6CU25 Curncy
2025-04-13 14:19:24,033 - FuturesRollTracker - WARNING - Security error for 6CM25 Curncy: Unknown/Invalid Security  [nid:19434]
2025-04-13 14:19:24,033 - FuturesRollTracker - WARNING - Security error for 6CU25 Curncy: Unknown/Invalid Security  [nid:19434]
2025-04-13 14:19:24,445 - FuturesRollTracker - WARNING - Security error for 6AM25 Curncy: Unknown/Invalid Security  [nid:19433]
2025-04-13 14:19:24,445 - FuturesRollTracker - WARNING - Front month contract 6AM25 Curncy not found for 6A
2025-04-13 14:19:24,779 - FuturesRollTracker - WARNING - Security error for 6AM25 Index: Unknown/Invalid Security  [nid:24196]
2025-04-13 14:19:24,780 - FuturesRollTracker - WARNING - No valid contracts found for 6A, using sample data
2025-04-13 14:19:24,780 - FuturesRollTracker - INFO - Generated sample contracts for 6A: Front=6AM25 Curncy, Next=6AU25 Curncy
2025-04-13 14:19:24,780 - FuturesRollTracker - INFO - Requesting roll data for 6AM25 Curncy and 6AU25 Curncy
2025-04-13 14:19:25,159 - FuturesRollTracker - WARNING - Security error for 6AM25 Curncy: Unknown/Invalid Security  [nid:19355]
2025-04-13 14:19:25,159 - FuturesRollTracker - WARNING - Security error for 6AU25 Curncy: Unknown/Invalid Security  [nid:19355]
2025-04-13 14:19:25,930 - FuturesRollTracker - INFO - Found active contracts for HSI: Front=HSIJ25 Index, Next=HSIK25 Index
2025-04-13 14:19:25,932 - FuturesRollTracker - INFO - Requesting roll data for HSIJ25 Index and HSIK25 Index
2025-04-13 14:19:26,332 - FuturesRollTracker - WARNING - No volume data for HSIJ25 Index
2025-04-13 14:19:26,333 - FuturesRollTracker - WARNING - No open interest data for HSIJ25 Index
2025-04-13 14:19:26,333 - FuturesRollTracker - WARNING - No open interest data for HSIK25 Index
2025-04-13 14:19:26,333 - FuturesRollTracker - ERROR - Error calculating roll percentage: unsupported format string passed to NoneType.__format__
2025-04-13 14:19:26,334 - FuturesRollTracker - WARNING - Falling back to sample data for HSIJ25 Index/HSIK25 Index
2025-04-13 14:19:26,334 - FuturesRollTracker - INFO - Sample roll data: Volume=31.3%, OI=42.9%, Avg=37.1%
2025-04-13 14:19:26,757 - FuturesRollTracker - WARNING - Security error for NKYM25 Index: Unknown/Invalid Security  [nid:19556]
2025-04-13 14:19:26,758 - FuturesRollTracker - WARNING - Front month contract NKYM25 Index not found for NKY
2025-04-13 14:19:27,076 - FuturesRollTracker - WARNING - Security error for NKYM25 Comdty: Unknown/Invalid Security  [nid:24057]
2025-04-13 14:19:27,077 - FuturesRollTracker - WARNING - No valid contracts found for NKY, using sample data
2025-04-13 14:19:27,077 - FuturesRollTracker - INFO - Generated sample contracts for NKY: Front=NKYM25 Index, Next=NKYU25 Index
2025-04-13 14:19:27,077 - FuturesRollTracker - INFO - Requesting roll data for NKYM25 Index and NKYU25 Index
2025-04-13 14:19:27,422 - FuturesRollTracker - WARNING - Security error for NKYM25 Index: Unknown/Invalid Security  [nid:19365]
2025-04-13 14:19:27,422 - FuturesRollTracker - WARNING - Security error for NKYU25 Index: Unknown/Invalid Security  [nid:19365]
2025-04-13 14:19:27,846 - FuturesRollTracker - WARNING - Security error for SGXM25 Comdty: Unknown/Invalid Security  [nid:19434]
2025-04-13 14:19:27,847 - FuturesRollTracker - WARNING - Front month contract SGXM25 Comdty not found for SGX
2025-04-13 14:19:28,191 - FuturesRollTracker - WARNING - Security error for SGXM25 Index: Unknown/Invalid Security  [nid:19560]
2025-04-13 14:19:28,191 - FuturesRollTracker - WARNING - No valid contracts found for SGX, using sample data
2025-04-13 14:19:28,192 - FuturesRollTracker - INFO - Generated sample contracts for SGX: Front=SGXM25 Comdty, Next=SGXU25 Comdty
2025-04-13 14:19:28,192 - FuturesRollTracker - INFO - Requesting roll data for SGXM25 Comdty and SGXU25 Comdty
2025-04-13 14:19:28,571 - FuturesRollTracker - WARNING - Security error for SGXM25 Comdty: Unknown/Invalid Security  [nid:22090]
2025-04-13 14:19:28,572 - FuturesRollTracker - WARNING - Security error for SGXU25 Comdty: Unknown/Invalid Security  [nid:22090]
2025-04-13 14:19:28,714 - FuturesRollTracker - INFO - Roll data saved to Excel file: futures_roll_data.xlsx
2025-04-13 14:19:28,715 - FuturesRollTracker - INFO - Bloomberg session stopped
2025-04-13 14:28:11,634 - FuturesRollTracker - INFO - Connecting to Bloomberg at 127.0.0.1:8194
2025-04-13 14:28:12,094 - FuturesRollTracker - INFO - Bloomberg session started successfully
2025-04-13 14:28:12,095 - FuturesRollTracker - INFO - Read 20 futures tickers from futures_list.txt
2025-04-13 14:28:12,718 - FuturesRollTracker - INFO - Found active contracts for ES: Front=ESM5 Index, Next=ESU5 Index
2025-04-13 14:28:12,719 - FuturesRollTracker - INFO - Requesting roll data for ESM5 Index and ESU5 Index
2025-04-13 14:28:13,079 - FuturesRollTracker - INFO - Roll data for ESM5 Index/ESU5 Index: Volume=0.2%, OI=1.6%, Avg=0.9%
2025-04-13 14:28:13,877 - FuturesRollTracker - INFO - Found active contracts for NQ: Front=NQM5 Index, Next=NQU5 Index
2025-04-13 14:28:13,878 - FuturesRollTracker - INFO - Requesting roll data for NQM5 Index and NQU5 Index
2025-04-13 14:28:14,248 - FuturesRollTracker - INFO - Roll data for NQM5 Index/NQU5 Index: Volume=0.2%, OI=0.4%, Avg=0.3%
2025-04-13 14:28:15,037 - FuturesRollTracker - INFO - Found active contracts for YM: Front=YMM5 Index, Next=YMU5 Index
2025-04-13 14:28:15,037 - FuturesRollTracker - INFO - Requesting roll data for YMM5 Index and YMU5 Index
2025-04-13 14:28:15,499 - FuturesRollTracker - WARNING - No volume data for YMU5 Index
2025-04-13 14:28:15,499 - FuturesRollTracker - INFO - Roll data for YMM5 Index/YMU5 Index: Volume=0.0%, OI=0.0%, Avg=0.0%
2025-04-13 14:28:16,195 - FuturesRollTracker - INFO - Found active contracts for RTY: Front=RTYM5 Index, Next=RTYU5 Index
2025-04-13 14:28:16,196 - FuturesRollTracker - INFO - Requesting roll data for RTYM5 Index and RTYU5 Index
2025-04-13 14:28:16,549 - FuturesRollTracker - INFO - Roll data for RTYM5 Index/RTYU5 Index: Volume=0.1%, OI=0.2%, Avg=0.1%
2025-04-13 14:28:17,261 - FuturesRollTracker - INFO - Found active contracts for CL: Front=CLK25 Comdty, Next=CLM25 Comdty
2025-04-13 14:28:17,262 - FuturesRollTracker - INFO - Requesting roll data for CLK25 Comdty and CLM25 Comdty
2025-04-13 14:28:17,633 - FuturesRollTracker - INFO - Roll data for CLK25 Comdty/CLM25 Comdty: Volume=45.3%, OI=60.3%, Avg=52.8%
2025-04-13 14:28:18,404 - FuturesRollTracker - INFO - Found active contracts for GC: Front=GCM25 Comdty, Next=GCQ25 Comdty
2025-04-13 14:28:18,405 - FuturesRollTracker - INFO - Requesting roll data for GCM25 Comdty and GCQ25 Comdty
2025-04-13 14:28:18,752 - FuturesRollTracker - INFO - Roll data for GCM25 Comdty/GCQ25 Comdty: Volume=4.0%, OI=14.3%, Avg=9.2%
2025-04-13 14:28:19,527 - FuturesRollTracker - INFO - Found active contracts for SI: Front=SIK25 Comdty, Next=SIN25 Comdty
2025-04-13 14:28:19,528 - FuturesRollTracker - INFO - Requesting roll data for SIK25 Comdty and SIN25 Comdty
2025-04-13 14:28:19,880 - FuturesRollTracker - INFO - Roll data for SIK25 Comdty/SIN25 Comdty: Volume=18.8%, OI=42.7%, Avg=30.7%
2025-04-13 14:28:20,622 - FuturesRollTracker - INFO - Found active contracts for HG: Front=HGK25 Comdty, Next=HGN25 Comdty
2025-04-13 14:28:20,623 - FuturesRollTracker - INFO - Requesting roll data for HGK25 Comdty and HGN25 Comdty
2025-04-13 14:28:21,017 - FuturesRollTracker - INFO - Roll data for HGK25 Comdty/HGN25 Comdty: Volume=29.1%, OI=45.9%, Avg=37.5%
2025-04-13 14:28:21,739 - FuturesRollTracker - INFO - Found active contracts for NG: Front=NGJ25 Comdty, Next=NGK25 Comdty
2025-04-13 14:28:21,741 - FuturesRollTracker - INFO - Requesting roll data for NGJ25 Comdty and NGK25 Comdty
2025-04-13 14:28:22,112 - FuturesRollTracker - WARNING - No volume data for NGJ25 Comdty
2025-04-13 14:28:22,112 - FuturesRollTracker - INFO - Roll data for NGJ25 Comdty/NGK25 Comdty: Volume=100.0%, OI=100.0%, Avg=100.0%
2025-04-13 14:28:22,835 - FuturesRollTracker - INFO - Found active contracts for ZB: Front=ZBM25 Comdty, Next=ZBU25 Comdty
2025-04-13 14:28:22,836 - FuturesRollTracker - INFO - Requesting roll data for ZBM25 Comdty and ZBU25 Comdty
2025-04-13 14:28:23,245 - FuturesRollTracker - INFO - Roll data for ZBM25 Comdty/ZBU25 Comdty: Volume=0.2%, OI=52.9%, Avg=26.5%
2025-04-13 14:28:24,135 - FuturesRollTracker - INFO - Found active contracts for ZN: Front=ZNM25 Comdty, Next=ZNU25 Comdty
2025-04-13 14:28:24,136 - FuturesRollTracker - INFO - Requesting roll data for ZNM25 Comdty and ZNU25 Comdty
2025-04-13 14:28:24,598 - FuturesRollTracker - WARNING - No volume data for ZNM25 Comdty
2025-04-13 14:28:24,599 - FuturesRollTracker - WARNING - No volume data for ZNU25 Comdty
2025-04-13 14:28:24,599 - FuturesRollTracker - WARNING - Missing both volume and OI data for ZNM25 Comdty and ZNU25 Comdty, using sample data
2025-04-13 14:28:24,600 - FuturesRollTracker - INFO - Sample roll data: Volume=28.8%, OI=26.7%, Avg=27.8%
2025-04-13 14:28:25,160 - FuturesRollTracker - WARNING - Security error for ZFM25 Comdty: Unknown/Invalid Security  [nid:19433]
2025-04-13 14:28:25,161 - FuturesRollTracker - WARNING - Front month contract ZFM25 Comdty not found for ZF
2025-04-13 14:28:25,525 - FuturesRollTracker - WARNING - Security error for ZFM25 Index: Unknown/Invalid Security  [nid:21926]
2025-04-13 14:28:25,526 - FuturesRollTracker - WARNING - No valid contracts found for ZF, using sample data
2025-04-13 14:28:25,526 - FuturesRollTracker - INFO - Generated sample contracts for ZF: Front=ZFM25 Comdty, Next=ZFU25 Comdty
2025-04-13 14:28:25,527 - FuturesRollTracker - INFO - Requesting roll data for ZFM25 Comdty and ZFU25 Comdty
2025-04-13 14:28:25,937 - FuturesRollTracker - WARNING - Security error for ZFM25 Comdty: Unknown/Invalid Security  [nid:23762]
2025-04-13 14:28:25,938 - FuturesRollTracker - WARNING - Security error for ZFU25 Comdty: Unknown/Invalid Security  [nid:23762]
2025-04-13 14:28:25,938 - FuturesRollTracker - WARNING - Missing both volume and OI data for ZFM25 Comdty and ZFU25 Comdty, using sample data
2025-04-13 14:28:25,939 - FuturesRollTracker - INFO - Sample roll data: Volume=28.4%, OI=21.6%, Avg=25.0%
2025-04-13 14:28:26,374 - FuturesRollTracker - WARNING - Security error for 6EM25 Curncy: Unknown/Invalid Security  [nid:23120]
2025-04-13 14:28:26,374 - FuturesRollTracker - WARNING - Front month contract 6EM25 Curncy not found for 6E
2025-04-13 14:28:26,694 - FuturesRollTracker - WARNING - Security error for 6EM25 Index: Unknown/Invalid Security  [nid:24061]
2025-04-13 14:28:26,695 - FuturesRollTracker - WARNING - No valid contracts found for 6E, using sample data
2025-04-13 14:28:26,695 - FuturesRollTracker - INFO - Generated sample contracts for 6E: Front=6EM25 Curncy, Next=6EU25 Curncy
2025-04-13 14:28:26,696 - FuturesRollTracker - INFO - Requesting roll data for 6EM25 Curncy and 6EU25 Curncy
2025-04-13 14:28:27,032 - FuturesRollTracker - WARNING - Security error for 6EM25 Curncy: Unknown/Invalid Security  [nid:21943]
2025-04-13 14:28:27,032 - FuturesRollTracker - WARNING - Security error for 6EU25 Curncy: Unknown/Invalid Security  [nid:21943]
2025-04-13 14:28:27,033 - FuturesRollTracker - WARNING - Missing both volume and OI data for 6EM25 Curncy and 6EU25 Curncy, using sample data
2025-04-13 14:28:27,033 - FuturesRollTracker - INFO - Sample roll data: Volume=24.0%, OI=26.5%, Avg=25.2%
2025-04-13 14:28:27,457 - FuturesRollTracker - WARNING - Security error for 6JM25 Curncy: Unknown/Invalid Security  [nid:21932]
2025-04-13 14:28:27,458 - FuturesRollTracker - WARNING - Front month contract 6JM25 Curncy not found for 6J
2025-04-13 14:28:27,804 - FuturesRollTracker - WARNING - Security error for 6JM25 Index: Unknown/Invalid Security  [nid:19562]
2025-04-13 14:28:27,805 - FuturesRollTracker - WARNING - No valid contracts found for 6J, using sample data
2025-04-13 14:28:27,805 - FuturesRollTracker - INFO - Generated sample contracts for 6J: Front=6JM25 Curncy, Next=6JU25 Curncy
2025-04-13 14:28:27,806 - FuturesRollTracker - INFO - Requesting roll data for 6JM25 Curncy and 6JU25 Curncy
2025-04-13 14:28:28,180 - FuturesRollTracker - WARNING - Security error for 6JM25 Curncy: Unknown/Invalid Security  [nid:23600]
2025-04-13 14:28:28,180 - FuturesRollTracker - WARNING - Security error for 6JU25 Curncy: Unknown/Invalid Security  [nid:23600]
2025-04-13 14:28:28,181 - FuturesRollTracker - WARNING - Missing both volume and OI data for 6JM25 Curncy and 6JU25 Curncy, using sample data
2025-04-13 14:28:28,181 - FuturesRollTracker - INFO - Sample roll data: Volume=20.1%, OI=24.2%, Avg=22.1%
2025-04-13 14:28:28,590 - FuturesRollTracker - WARNING - Security error for 6BM25 Curncy: Unknown/Invalid Security  [nid:23927]
2025-04-13 14:28:28,590 - FuturesRollTracker - WARNING - Front month contract 6BM25 Curncy not found for 6B
2025-04-13 14:28:28,899 - FuturesRollTracker - WARNING - Security error for 6BM25 Index: Unknown/Invalid Security  [nid:23107]
2025-04-13 14:28:28,900 - FuturesRollTracker - WARNING - No valid contracts found for 6B, using sample data
2025-04-13 14:28:28,900 - FuturesRollTracker - INFO - Generated sample contracts for 6B: Front=6BM25 Curncy, Next=6BU25 Curncy
2025-04-13 14:28:28,901 - FuturesRollTracker - INFO - Requesting roll data for 6BM25 Curncy and 6BU25 Curncy
2025-04-13 14:28:29,281 - FuturesRollTracker - WARNING - Security error for 6BM25 Curncy: Unknown/Invalid Security  [nid:23462]
2025-04-13 14:28:29,282 - FuturesRollTracker - WARNING - Security error for 6BU25 Curncy: Unknown/Invalid Security  [nid:23462]
2025-04-13 14:28:29,282 - FuturesRollTracker - WARNING - Missing both volume and OI data for 6BM25 Curncy and 6BU25 Curncy, using sample data
2025-04-13 14:28:29,283 - FuturesRollTracker - INFO - Sample roll data: Volume=18.6%, OI=28.3%, Avg=23.4%
2025-04-13 14:28:29,781 - FuturesRollTracker - WARNING - Security error for 6CM25 Curncy: Unknown/Invalid Security  [nid:19435]
2025-04-13 14:28:29,782 - FuturesRollTracker - WARNING - Front month contract 6CM25 Curncy not found for 6C
2025-04-13 14:28:30,085 - FuturesRollTracker - WARNING - Security error for 6CM25 Index: Unknown/Invalid Security  [nid:21930]
2025-04-13 14:28:30,086 - FuturesRollTracker - WARNING - No valid contracts found for 6C, using sample data
2025-04-13 14:28:30,086 - FuturesRollTracker - INFO - Generated sample contracts for 6C: Front=6CM25 Curncy, Next=6CU25 Curncy
2025-04-13 14:28:30,087 - FuturesRollTracker - INFO - Requesting roll data for 6CM25 Curncy and 6CU25 Curncy
2025-04-13 14:28:30,471 - FuturesRollTracker - WARNING - Security error for 6CM25 Curncy: Unknown/Invalid Security  [nid:21934]
2025-04-13 14:28:30,472 - FuturesRollTracker - WARNING - Security error for 6CU25 Curncy: Unknown/Invalid Security  [nid:21934]
2025-04-13 14:28:30,472 - FuturesRollTracker - WARNING - Missing both volume and OI data for 6CM25 Curncy and 6CU25 Curncy, using sample data
2025-04-13 14:28:30,472 - FuturesRollTracker - INFO - Sample roll data: Volume=28.0%, OI=24.6%, Avg=26.3%
2025-04-13 14:28:30,880 - FuturesRollTracker - WARNING - Security error for 6AM25 Curncy: Unknown/Invalid Security  [nid:23462]
2025-04-13 14:28:30,881 - FuturesRollTracker - WARNING - Front month contract 6AM25 Curncy not found for 6A
2025-04-13 14:28:31,169 - FuturesRollTracker - WARNING - Security error for 6AM25 Index: Unknown/Invalid Security  [nid:23007]
2025-04-13 14:28:31,169 - FuturesRollTracker - WARNING - No valid contracts found for 6A, using sample data
2025-04-13 14:28:31,170 - FuturesRollTracker - INFO - Generated sample contracts for 6A: Front=6AM25 Curncy, Next=6AU25 Curncy
2025-04-13 14:28:31,171 - FuturesRollTracker - INFO - Requesting roll data for 6AM25 Curncy and 6AU25 Curncy
2025-04-13 14:28:31,545 - FuturesRollTracker - WARNING - Security error for 6AM25 Curncy: Unknown/Invalid Security  [nid:21941]
2025-04-13 14:28:31,546 - FuturesRollTracker - WARNING - Security error for 6AU25 Curncy: Unknown/Invalid Security  [nid:21941]
2025-04-13 14:28:31,546 - FuturesRollTracker - WARNING - Missing both volume and OI data for 6AM25 Curncy and 6AU25 Curncy, using sample data
2025-04-13 14:28:31,547 - FuturesRollTracker - INFO - Sample roll data: Volume=21.7%, OI=24.9%, Avg=23.3%
2025-04-13 14:28:32,371 - FuturesRollTracker - INFO - Found active contracts for HSI: Front=HSIJ25 Index, Next=HSIK25 Index
2025-04-13 14:28:32,371 - FuturesRollTracker - INFO - Requesting roll data for HSIJ25 Index and HSIK25 Index
2025-04-13 14:28:32,828 - FuturesRollTracker - WARNING - No volume data for HSIJ25 Index
2025-04-13 14:28:32,828 - FuturesRollTracker - INFO - Roll data for HSIJ25 Index/HSIK25 Index: Volume=100.0%, OI=100.0%, Avg=100.0%
2025-04-13 14:28:33,242 - FuturesRollTracker - WARNING - Security error for NKYM25 Index: Unknown/Invalid Security  [nid:21933]
2025-04-13 14:28:33,243 - FuturesRollTracker - WARNING - Front month contract NKYM25 Index not found for NKY
2025-04-13 14:28:33,577 - FuturesRollTracker - WARNING - Security error for NKYM25 Comdty: Unknown/Invalid Security  [nid:19435]
2025-04-13 14:28:33,577 - FuturesRollTracker - WARNING - No valid contracts found for NKY, using sample data
2025-04-13 14:28:33,578 - FuturesRollTracker - INFO - Generated sample contracts for NKY: Front=NKYM25 Index, Next=NKYU25 Index
2025-04-13 14:28:33,578 - FuturesRollTracker - INFO - Requesting roll data for NKYM25 Index and NKYU25 Index
2025-04-13 14:28:33,934 - FuturesRollTracker - WARNING - Security error for NKYM25 Index: Unknown/Invalid Security  [nid:23762]
2025-04-13 14:28:33,935 - FuturesRollTracker - WARNING - Security error for NKYU25 Index: Unknown/Invalid Security  [nid:23762]
2025-04-13 14:28:33,935 - FuturesRollTracker - WARNING - Missing both volume and OI data for NKYM25 Index and NKYU25 Index, using sample data
2025-04-13 14:28:33,936 - FuturesRollTracker - INFO - Sample roll data: Volume=44.2%, OI=39.6%, Avg=41.9%
2025-04-13 14:28:34,354 - FuturesRollTracker - WARNING - Security error for SGXM25 Comdty: Unknown/Invalid Security  [nid:23008]
2025-04-13 14:28:34,354 - FuturesRollTracker - WARNING - Front month contract SGXM25 Comdty not found for SGX
2025-04-13 14:28:34,675 - FuturesRollTracker - WARNING - Security error for SGXM25 Index: Unknown/Invalid Security  [nid:23107]
2025-04-13 14:28:34,676 - FuturesRollTracker - WARNING - No valid contracts found for SGX, using sample data
2025-04-13 14:28:34,677 - FuturesRollTracker - INFO - Generated sample contracts for SGX: Front=SGXM25 Comdty, Next=SGXU25 Comdty
2025-04-13 14:28:34,677 - FuturesRollTracker - INFO - Requesting roll data for SGXM25 Comdty and SGXU25 Comdty
2025-04-13 14:28:35,031 - FuturesRollTracker - WARNING - Security error for SGXM25 Comdty: Unknown/Invalid Security  [nid:19499]
2025-04-13 14:28:35,031 - FuturesRollTracker - WARNING - Security error for SGXU25 Comdty: Unknown/Invalid Security  [nid:19499]
2025-04-13 14:28:35,032 - FuturesRollTracker - WARNING - Missing both volume and OI data for SGXM25 Comdty and SGXU25 Comdty, using sample data
2025-04-13 14:28:35,032 - FuturesRollTracker - INFO - Sample roll data: Volume=28.5%, OI=21.5%, Avg=25.0%
2025-04-13 14:28:35,194 - FuturesRollTracker - INFO - Roll data saved to Excel file: futures_roll_data.xlsx
2025-04-13 14:28:35,196 - FuturesRollTracker - INFO - Bloomberg session stopped
2025-04-13 14:37:28,755 - FuturesRollTracker - INFO - Connecting to Bloomberg at 127.0.0.1:8194
2025-04-13 14:37:29,253 - FuturesRollTracker - INFO - Bloomberg session started successfully
2025-04-13 14:37:29,255 - FuturesRollTracker - INFO - Read 21 futures tickers from futures_list.txt
2025-04-13 14:37:29,977 - FuturesRollTracker - INFO - Found active contracts for ES: Front=ESM5 Index, Next=ESU5 Index
2025-04-13 14:37:29,978 - FuturesRollTracker - INFO - Requesting roll data for ESM5 Index and ESU5 Index
2025-04-13 14:37:30,375 - FuturesRollTracker - INFO - Roll data for ESM5 Index/ESU5 Index: Volume=0.2%, OI=1.6%, Avg=0.9%
2025-04-13 14:37:31,104 - FuturesRollTracker - INFO - Found active contracts for NQ: Front=NQM5 Index, Next=NQU5 Index
2025-04-13 14:37:31,105 - FuturesRollTracker - INFO - Requesting roll data for NQM5 Index and NQU5 Index
2025-04-13 14:37:31,470 - FuturesRollTracker - INFO - Roll data for NQM5 Index/NQU5 Index: Volume=0.2%, OI=0.4%, Avg=0.3%
2025-04-13 14:37:32,317 - FuturesRollTracker - INFO - Found active contracts for YM: Front=YMM5 Index, Next=YMU5 Index
2025-04-13 14:37:32,318 - FuturesRollTracker - INFO - Requesting roll data for YMM5 Index and YMU5 Index
2025-04-13 14:37:32,791 - FuturesRollTracker - WARNING - No volume data for YMU5 Index
2025-04-13 14:37:32,792 - FuturesRollTracker - INFO - Roll data for YMM5 Index/YMU5 Index: Volume=0.0%, OI=0.0%, Avg=0.0%
2025-04-13 14:37:33,546 - FuturesRollTracker - INFO - Found active contracts for RTY: Front=RTYM5 Index, Next=RTYU5 Index
2025-04-13 14:37:33,546 - FuturesRollTracker - INFO - Requesting roll data for RTYM5 Index and RTYU5 Index
2025-04-13 14:37:33,939 - FuturesRollTracker - INFO - Roll data for RTYM5 Index/RTYU5 Index: Volume=0.1%, OI=0.2%, Avg=0.1%
2025-04-13 14:37:34,655 - FuturesRollTracker - INFO - Found active contracts for CL: Front=CLK5 Comdty, Next=CLM5 Comdty
2025-04-13 14:37:34,656 - FuturesRollTracker - INFO - Requesting roll data for CLK5 Comdty and CLM5 Comdty
2025-04-13 14:37:35,026 - FuturesRollTracker - INFO - Roll data for CLK5 Comdty/CLM5 Comdty: Volume=45.3%, OI=60.3%, Avg=52.8%
2025-04-13 14:37:35,775 - FuturesRollTracker - INFO - Found active contracts for GC: Front=GCM5 Comdty, Next=GCQ5 Comdty
2025-04-13 14:37:35,776 - FuturesRollTracker - INFO - Requesting roll data for GCM5 Comdty and GCQ5 Comdty
2025-04-13 14:37:36,127 - FuturesRollTracker - INFO - Roll data for GCM5 Comdty/GCQ5 Comdty: Volume=4.0%, OI=14.3%, Avg=9.2%
2025-04-13 14:37:36,845 - FuturesRollTracker - INFO - Found active contracts for SI: Front=SIK5 Comdty, Next=SIN5 Comdty
2025-04-13 14:37:36,845 - FuturesRollTracker - INFO - Requesting roll data for SIK5 Comdty and SIN5 Comdty
2025-04-13 14:37:37,191 - FuturesRollTracker - INFO - Roll data for SIK5 Comdty/SIN5 Comdty: Volume=18.8%, OI=42.7%, Avg=30.7%
2025-04-13 14:37:37,914 - FuturesRollTracker - INFO - Found active contracts for HG: Front=HGK5 Comdty, Next=HGN5 Comdty
2025-04-13 14:37:37,915 - FuturesRollTracker - INFO - Requesting roll data for HGK5 Comdty and HGN5 Comdty
2025-04-13 14:37:38,304 - FuturesRollTracker - INFO - Roll data for HGK5 Comdty/HGN5 Comdty: Volume=29.1%, OI=45.9%, Avg=37.5%
2025-04-13 14:37:38,709 - FuturesRollTracker - WARNING - Security error for NGJ5 Comdty: Unknown/Invalid Security  [nid:23107]
2025-04-13 14:37:38,710 - FuturesRollTracker - WARNING - Front month contract NGJ5 Comdty not found for NG
2025-04-13 14:37:39,015 - FuturesRollTracker - WARNING - Security error for NGJ5 Index: Unknown/Invalid Security  [nid:24198]
2025-04-13 14:37:39,693 - FuturesRollTracker - INFO - Found active contracts for NG with alternative year format: Front=NGJ25 Comdty, Next=NGK25 Comdty
2025-04-13 14:37:39,694 - FuturesRollTracker - INFO - Requesting roll data for NGJ25 Comdty and NGK25 Comdty
2025-04-13 14:37:40,097 - FuturesRollTracker - WARNING - No volume data for NGJ25 Comdty
2025-04-13 14:37:40,097 - FuturesRollTracker - INFO - Roll data for NGJ25 Comdty/NGK25 Comdty: Volume=100.0%, OI=100.0%, Avg=100.0%
2025-04-13 14:37:40,835 - FuturesRollTracker - INFO - Found active contracts for ZB: Front=ZBM5 Comdty, Next=ZBU5 Comdty
2025-04-13 14:37:40,836 - FuturesRollTracker - INFO - Requesting roll data for ZBM5 Comdty and ZBU5 Comdty
2025-04-13 14:37:41,229 - FuturesRollTracker - INFO - Roll data for ZBM5 Comdty/ZBU5 Comdty: Volume=0.2%, OI=52.9%, Avg=26.5%
2025-04-13 14:37:42,103 - FuturesRollTracker - INFO - Found active contracts for ZN: Front=ZNM5 Comdty, Next=ZNU5 Comdty
2025-04-13 14:37:42,104 - FuturesRollTracker - INFO - Requesting roll data for ZNM5 Comdty and ZNU5 Comdty
2025-04-13 14:37:42,497 - FuturesRollTracker - WARNING - No volume data for ZNM5 Comdty
2025-04-13 14:37:42,498 - FuturesRollTracker - WARNING - No volume data for ZNU5 Comdty
2025-04-13 14:37:42,498 - FuturesRollTracker - WARNING - Missing both volume and OI data for ZNM5 Comdty and ZNU5 Comdty, using sample data
2025-04-13 14:37:42,499 - FuturesRollTracker - INFO - Sample roll data: Volume=22.4%, OI=27.0%, Avg=24.7%
2025-04-13 14:37:42,915 - FuturesRollTracker - WARNING - Security error for ZFM5 Comdty: Unknown/Invalid Security  [nid:24198]
2025-04-13 14:37:42,916 - FuturesRollTracker - WARNING - Front month contract ZFM5 Comdty not found for ZF
2025-04-13 14:37:43,275 - FuturesRollTracker - WARNING - Security error for ZFM5 Index: Unknown/Invalid Security  [nid:23890]
2025-04-13 14:37:43,614 - FuturesRollTracker - WARNING - Security error for ZFM25 Comdty: Unknown/Invalid Security  [nid:24137]
2025-04-13 14:37:43,615 - FuturesRollTracker - WARNING - No valid contracts found for ZF, using sample data
2025-04-13 14:37:43,615 - FuturesRollTracker - INFO - Generated sample contracts for ZF: Front=ZFM5 Comdty, Next=ZFU5 Comdty
2025-04-13 14:37:43,615 - FuturesRollTracker - INFO - Requesting roll data for ZFM5 Comdty and ZFU5 Comdty
2025-04-13 14:37:44,044 - FuturesRollTracker - WARNING - Security error for ZFM5 Comdty: Unknown/Invalid Security  [nid:19534]
2025-04-13 14:37:44,045 - FuturesRollTracker - WARNING - Security error for ZFU5 Comdty: Unknown/Invalid Security  [nid:19534]
2025-04-13 14:37:44,045 - FuturesRollTracker - WARNING - Missing both volume and OI data for ZFM5 Comdty and ZFU5 Comdty, using sample data
2025-04-13 14:37:44,045 - FuturesRollTracker - INFO - Sample roll data: Volume=33.8%, OI=23.2%, Avg=28.5%
2025-04-13 14:37:44,515 - FuturesRollTracker - WARNING - Security error for 6EM5 Curncy: Unknown/Invalid Security  [nid:19390]
2025-04-13 14:37:44,515 - FuturesRollTracker - WARNING - Front month contract 6EM5 Curncy not found for 6E
2025-04-13 14:37:44,832 - FuturesRollTracker - WARNING - Security error for 6EM5 Index: Unknown/Invalid Security  [nid:19355]
2025-04-13 14:37:45,151 - FuturesRollTracker - WARNING - Security error for 6EM25 Curncy: Unknown/Invalid Security  [nid:19355]
2025-04-13 14:37:45,151 - FuturesRollTracker - WARNING - No valid contracts found for 6E, using sample data
2025-04-13 14:37:45,152 - FuturesRollTracker - INFO - Generated sample contracts for 6E: Front=6EM5 Curncy, Next=6EU5 Curncy
2025-04-13 14:37:45,152 - FuturesRollTracker - INFO - Requesting roll data for 6EM5 Curncy and 6EU5 Curncy
2025-04-13 14:37:45,510 - FuturesRollTracker - WARNING - Security error for 6EM5 Curncy: Unknown/Invalid Security  [nid:19488]
2025-04-13 14:37:45,510 - FuturesRollTracker - WARNING - Security error for 6EU5 Curncy: Unknown/Invalid Security  [nid:19488]
2025-04-13 14:37:45,510 - FuturesRollTracker - WARNING - Missing both volume and OI data for 6EM5 Curncy and 6EU5 Curncy, using sample data
2025-04-13 14:37:45,510 - FuturesRollTracker - INFO - Sample roll data: Volume=19.2%, OI=31.2%, Avg=25.2%
2025-04-13 14:37:45,944 - FuturesRollTracker - WARNING - Security error for 6JM5 Curncy: Unknown/Invalid Security  [nid:21932]
2025-04-13 14:37:45,945 - FuturesRollTracker - WARNING - Front month contract 6JM5 Curncy not found for 6J
2025-04-13 14:37:46,267 - FuturesRollTracker - WARNING - Security error for 6JM5 Index: Unknown/Invalid Security  [nid:21939]
2025-04-13 14:37:46,569 - FuturesRollTracker - WARNING - Security error for 6JM25 Curncy: Unknown/Invalid Security  [nid:23102]
2025-04-13 14:37:46,570 - FuturesRollTracker - WARNING - No valid contracts found for 6J, using sample data
2025-04-13 14:37:46,570 - FuturesRollTracker - INFO - Generated sample contracts for 6J: Front=6JM5 Curncy, Next=6JU5 Curncy
2025-04-13 14:37:46,570 - FuturesRollTracker - INFO - Requesting roll data for 6JM5 Curncy and 6JU5 Curncy
2025-04-13 14:37:46,921 - FuturesRollTracker - WARNING - Security error for 6JM5 Curncy: Unknown/Invalid Security  [nid:23462]
2025-04-13 14:37:46,921 - FuturesRollTracker - WARNING - Security error for 6JU5 Curncy: Unknown/Invalid Security  [nid:23462]
2025-04-13 14:37:46,921 - FuturesRollTracker - WARNING - Missing both volume and OI data for 6JM5 Curncy and 6JU5 Curncy, using sample data
2025-04-13 14:37:46,922 - FuturesRollTracker - INFO - Sample roll data: Volume=30.8%, OI=24.2%, Avg=27.5%
2025-04-13 14:37:47,382 - FuturesRollTracker - WARNING - Security error for 6BM5 Curncy: Unknown/Invalid Security  [nid:24196]
2025-04-13 14:37:47,382 - FuturesRollTracker - WARNING - Front month contract 6BM5 Curncy not found for 6B
2025-04-13 14:37:47,709 - FuturesRollTracker - WARNING - Security error for 6BM5 Index: Unknown/Invalid Security  [nid:21930]
2025-04-13 14:37:48,031 - FuturesRollTracker - WARNING - Security error for 6BM25 Curncy: Unknown/Invalid Security  [nid:21929]
2025-04-13 14:37:48,031 - FuturesRollTracker - WARNING - No valid contracts found for 6B, using sample data
2025-04-13 14:37:48,031 - FuturesRollTracker - INFO - Generated sample contracts for 6B: Front=6BM5 Curncy, Next=6BU5 Curncy
2025-04-13 14:37:48,032 - FuturesRollTracker - INFO - Requesting roll data for 6BM5 Curncy and 6BU5 Curncy
2025-04-13 14:37:48,383 - FuturesRollTracker - WARNING - Security error for 6BM5 Curncy: Unknown/Invalid Security  [nid:23120]
2025-04-13 14:37:48,384 - FuturesRollTracker - WARNING - Security error for 6BU5 Curncy: Unknown/Invalid Security  [nid:23120]
2025-04-13 14:37:48,385 - FuturesRollTracker - WARNING - Missing both volume and OI data for 6BM5 Curncy and 6BU5 Curncy, using sample data
2025-04-13 14:37:48,386 - FuturesRollTracker - INFO - Sample roll data: Volume=28.7%, OI=20.7%, Avg=24.7%
2025-04-13 14:37:48,801 - FuturesRollTracker - WARNING - Security error for 6CM5 Curncy: Unknown/Invalid Security  [nid:24137]
2025-04-13 14:37:48,801 - FuturesRollTracker - WARNING - Front month contract 6CM5 Curncy not found for 6C
2025-04-13 14:37:49,123 - FuturesRollTracker - WARNING - Security error for 6CM5 Index: Unknown/Invalid Security  [nid:21933]
2025-04-13 14:37:49,436 - FuturesRollTracker - WARNING - Security error for 6CM25 Curncy: Unknown/Invalid Security  [nid:24198]
2025-04-13 14:37:49,436 - FuturesRollTracker - WARNING - No valid contracts found for 6C, using sample data
2025-04-13 14:37:49,437 - FuturesRollTracker - INFO - Generated sample contracts for 6C: Front=6CM5 Curncy, Next=6CU5 Curncy
2025-04-13 14:37:49,437 - FuturesRollTracker - INFO - Requesting roll data for 6CM5 Curncy and 6CU5 Curncy
2025-04-13 14:37:49,825 - FuturesRollTracker - WARNING - Security error for 6CM5 Curncy: Unknown/Invalid Security  [nid:21932]
2025-04-13 14:37:49,825 - FuturesRollTracker - WARNING - Security error for 6CU5 Curncy: Unknown/Invalid Security  [nid:21932]
2025-04-13 14:37:49,825 - FuturesRollTracker - WARNING - Missing both volume and OI data for 6CM5 Curncy and 6CU5 Curncy, using sample data
2025-04-13 14:37:49,825 - FuturesRollTracker - INFO - Sample roll data: Volume=35.9%, OI=27.2%, Avg=31.5%
2025-04-13 14:37:50,267 - FuturesRollTracker - WARNING - Security error for 6AM5 Curncy: Unknown/Invalid Security  [nid:23008]
2025-04-13 14:37:50,267 - FuturesRollTracker - WARNING - Front month contract 6AM5 Curncy not found for 6A
2025-04-13 14:37:50,578 - FuturesRollTracker - WARNING - Security error for 6AM5 Index: Unknown/Invalid Security  [nid:19412]
2025-04-13 14:37:50,868 - FuturesRollTracker - WARNING - Security error for 6AM25 Curncy: Unknown/Invalid Security  [nid:19392]
2025-04-13 14:37:50,868 - FuturesRollTracker - WARNING - No valid contracts found for 6A, using sample data
2025-04-13 14:37:50,868 - FuturesRollTracker - INFO - Generated sample contracts for 6A: Front=6AM5 Curncy, Next=6AU5 Curncy
2025-04-13 14:37:50,869 - FuturesRollTracker - INFO - Requesting roll data for 6AM5 Curncy and 6AU5 Curncy
2025-04-13 14:37:51,224 - FuturesRollTracker - WARNING - Security error for 6AM5 Curncy: Unknown/Invalid Security  [nid:23102]
2025-04-13 14:37:51,224 - FuturesRollTracker - WARNING - Security error for 6AU5 Curncy: Unknown/Invalid Security  [nid:23102]
2025-04-13 14:37:51,225 - FuturesRollTracker - WARNING - Missing both volume and OI data for 6AM5 Curncy and 6AU5 Curncy, using sample data
2025-04-13 14:37:51,225 - FuturesRollTracker - INFO - Sample roll data: Volume=19.3%, OI=19.7%, Avg=19.5%
2025-04-13 14:37:52,002 - FuturesRollTracker - INFO - Found active contracts for HI: Front=HIM5 Comdty, Next=HIU5 Comdty
2025-04-13 14:37:52,003 - FuturesRollTracker - INFO - Requesting roll data for HIM5 Comdty and HIU5 Comdty
2025-04-13 14:37:52,421 - FuturesRollTracker - INFO - Roll data for HIM5 Comdty/HIU5 Comdty: Volume=13.2%, OI=8.3%, Avg=10.7%
2025-04-13 14:37:53,215 - FuturesRollTracker - INFO - Found active contracts for HC: Front=HCM5 Comdty, Next=HCU5 Comdty
2025-04-13 14:37:53,215 - FuturesRollTracker - INFO - Requesting roll data for HCM5 Comdty and HCU5 Comdty
2025-04-13 14:37:53,625 - FuturesRollTracker - INFO - Roll data for HCM5 Comdty/HCU5 Comdty: Volume=1.8%, OI=29.7%, Avg=15.7%
2025-04-13 14:37:54,362 - FuturesRollTracker - INFO - Found active contracts for HCT: Front=HCTM5 Comdty, Next=HCTU5 Comdty
2025-04-13 14:37:54,363 - FuturesRollTracker - INFO - Requesting roll data for HCTM5 Comdty and HCTU5 Comdty
2025-04-13 14:37:54,728 - FuturesRollTracker - WARNING - No volume data for HCTM5 Comdty
2025-04-13 14:37:54,729 - FuturesRollTracker - WARNING - No open interest data for HCTM5 Comdty
2025-04-13 14:37:54,729 - FuturesRollTracker - WARNING - No volume data for HCTU5 Comdty
2025-04-13 14:37:54,730 - FuturesRollTracker - WARNING - No open interest data for HCTU5 Comdty
2025-04-13 14:37:54,730 - FuturesRollTracker - WARNING - Missing both volume and OI data for HCTM5 Comdty and HCTU5 Comdty, using sample data
2025-04-13 14:37:54,731 - FuturesRollTracker - INFO - Sample roll data: Volume=17.2%, OI=20.8%, Avg=19.0%
2025-04-13 14:37:55,524 - FuturesRollTracker - INFO - Found active contracts for NI: Front=NIM5 Comdty, Next=NIU5 Comdty
2025-04-13 14:37:55,525 - FuturesRollTracker - INFO - Requesting roll data for NIM5 Comdty and NIU5 Comdty
2025-04-13 14:37:55,919 - FuturesRollTracker - INFO - Roll data for NIM5 Comdty/NIU5 Comdty: Volume=0.6%, OI=0.2%, Avg=0.4%
2025-04-13 14:37:56,072 - FuturesRollTracker - INFO - Roll data saved to Excel file: futures_roll_data.xlsx
2025-04-13 14:37:56,073 - FuturesRollTracker - INFO - Bloomberg session stopped
