2025-04-13 11:23:09,296 - HKCBBCTracker - INFO - Connecting to Bloomberg at 127.0.0.1:8194
2025-04-13 11:23:09,756 - HKCBBCTracker - INFO - Bloomberg session started successfully
2025-04-13 11:23:09,756 - HKCBBCTracker - INFO - Scanning for CBBCs in Hong Kong markets...
2025-04-13 11:23:09,757 - HKCBBCTracker - INFO - Requesting current prices for 23 securities
2025-04-13 11:23:09,757 - HKCBBCTracker - ERROR - Unexpected error: 'Service' object has no attribute 'messageType'
2025-04-13 11:23:09,759 - HKCBBCTracker - INFO - Bloomberg session stopped
2025-04-13 11:26:55,388 - HKCBBCTracker - INFO - Connecting to Bloomberg at 127.0.0.1:8194
2025-04-13 11:26:55,873 - HKCBBCTracker - INFO - Bloomberg session started successfully
2025-04-13 11:26:55,874 - HKCBBCTracker - INFO - Scanning for CBBCs in Hong Kong markets...
2025-04-13 11:26:55,874 - HKCBBCTracker - INFO - Requesting current prices for 23 securities
2025-04-13 11:26:56,462 - HKCBBCTracker - INFO - Retrieved prices for 23 securities
2025-04-13 11:26:56,462 - HKCBBCTracker - INFO - Requesting CBBCs for HSI Index
2025-04-13 11:26:56,708 - HKCBBCTracker - INFO - Found 0 CBBCs for HSI Index
2025-04-13 11:26:56,709 - HKCBBCTracker - INFO - Requesting CBBCs for HSCEI Index
2025-04-13 11:26:56,959 - HKCBBCTracker - INFO - Found 0 CBBCs for HSCEI Index
2025-04-13 11:26:56,960 - HKCBBCTracker - INFO - Requesting CBBCs for HSTECH Index
2025-04-13 11:26:57,197 - HKCBBCTracker - INFO - Found 0 CBBCs for HSTECH Index
2025-04-13 11:26:57,197 - HKCBBCTracker - INFO - Requesting CBBCs for 700 HK Equity
2025-04-13 11:26:57,463 - HKCBBCTracker - INFO - Found 0 CBBCs for 700 HK Equity
2025-04-13 11:26:57,464 - HKCBBCTracker - INFO - Requesting CBBCs for 9988 HK Equity
2025-04-13 11:26:57,735 - HKCBBCTracker - INFO - Found 0 CBBCs for 9988 HK Equity
2025-04-13 11:26:57,735 - HKCBBCTracker - INFO - Requesting CBBCs for 1299 HK Equity
2025-04-13 11:26:58,002 - HKCBBCTracker - INFO - Found 0 CBBCs for 1299 HK Equity
2025-04-13 11:26:58,003 - HKCBBCTracker - INFO - Requesting CBBCs for 1398 HK Equity
2025-04-13 11:26:58,260 - HKCBBCTracker - INFO - Found 0 CBBCs for 1398 HK Equity
2025-04-13 11:26:58,260 - HKCBBCTracker - INFO - Requesting CBBCs for 3988 HK Equity
2025-04-13 11:26:58,530 - HKCBBCTracker - INFO - Found 0 CBBCs for 3988 HK Equity
2025-04-13 11:26:58,531 - HKCBBCTracker - INFO - Requesting CBBCs for 2318 HK Equity
2025-04-13 11:26:58,793 - HKCBBCTracker - INFO - Found 0 CBBCs for 2318 HK Equity
2025-04-13 11:26:58,793 - HKCBBCTracker - INFO - Requesting CBBCs for 939 HK Equity
2025-04-13 11:26:59,059 - HKCBBCTracker - INFO - Found 0 CBBCs for 939 HK Equity
2025-04-13 11:26:59,060 - HKCBBCTracker - INFO - Requesting CBBCs for 9618 HK Equity
2025-04-13 11:26:59,335 - HKCBBCTracker - INFO - Found 0 CBBCs for 9618 HK Equity
2025-04-13 11:26:59,335 - HKCBBCTracker - INFO - Requesting CBBCs for 9999 HK Equity
2025-04-13 11:26:59,596 - HKCBBCTracker - INFO - Found 0 CBBCs for 9999 HK Equity
2025-04-13 11:26:59,597 - HKCBBCTracker - INFO - Requesting CBBCs for 388 HK Equity
2025-04-13 11:26:59,851 - HKCBBCTracker - INFO - Found 0 CBBCs for 388 HK Equity
2025-04-13 11:26:59,852 - HKCBBCTracker - INFO - Requesting CBBCs for 2020 HK Equity
2025-04-13 11:27:00,096 - HKCBBCTracker - INFO - Found 0 CBBCs for 2020 HK Equity
2025-04-13 11:27:00,097 - HKCBBCTracker - INFO - Requesting CBBCs for 941 HK Equity
2025-04-13 11:27:00,368 - HKCBBCTracker - INFO - Found 0 CBBCs for 941 HK Equity
2025-04-13 11:27:00,369 - HKCBBCTracker - INFO - Requesting CBBCs for 688 HK Equity
2025-04-13 11:27:00,618 - HKCBBCTracker - INFO - Found 0 CBBCs for 688 HK Equity
2025-04-13 11:27:00,619 - HKCBBCTracker - INFO - Requesting CBBCs for 857 HK Equity
2025-04-13 11:27:00,871 - HKCBBCTracker - INFO - Found 0 CBBCs for 857 HK Equity
2025-04-13 11:27:00,871 - HKCBBCTracker - INFO - Requesting CBBCs for 3690 HK Equity
2025-04-13 11:27:01,123 - HKCBBCTracker - INFO - Found 0 CBBCs for 3690 HK Equity
2025-04-13 11:27:01,124 - HKCBBCTracker - INFO - Requesting CBBCs for 9888 HK Equity
2025-04-13 11:27:01,382 - HKCBBCTracker - INFO - Found 0 CBBCs for 9888 HK Equity
2025-04-13 11:27:01,382 - HKCBBCTracker - INFO - Requesting CBBCs for 1024 HK Equity
2025-04-13 11:27:01,640 - HKCBBCTracker - INFO - Found 0 CBBCs for 1024 HK Equity
2025-04-13 11:27:01,641 - HKCBBCTracker - INFO - Requesting CBBCs for 175 HK Equity
2025-04-13 11:27:01,908 - HKCBBCTracker - INFO - Found 0 CBBCs for 175 HK Equity
2025-04-13 11:27:01,909 - HKCBBCTracker - INFO - Requesting CBBCs for 2382 HK Equity
2025-04-13 11:27:02,168 - HKCBBCTracker - INFO - Found 0 CBBCs for 2382 HK Equity
2025-04-13 11:27:02,169 - HKCBBCTracker - INFO - Requesting CBBCs for 2628 HK Equity
2025-04-13 11:27:02,436 - HKCBBCTracker - INFO - Found 0 CBBCs for 2628 HK Equity
2025-04-13 11:27:02,437 - HKCBBCTracker - INFO - Found a total of 0 CBBCs
2025-04-13 11:27:02,437 - HKCBBCTracker - WARNING - No CBBC tickers provided
2025-04-13 11:27:02,438 - HKCBBCTracker - WARNING - No barrier analysis data available.
2025-04-13 11:27:02,438 - HKCBBCTracker - INFO - Saving results to CSV...
2025-04-13 11:27:02,438 - HKCBBCTracker - INFO - CBBC analysis completed.
2025-04-13 11:27:02,439 - HKCBBCTracker - INFO - Bloomberg session stopped
2025-04-13 11:31:16,765 - HKCBBCTracker - INFO - Connecting to Bloomberg at 127.0.0.1:8194
2025-04-13 11:31:17,275 - HKCBBCTracker - INFO - Bloomberg session started successfully
2025-04-13 11:31:17,275 - HKCBBCTracker - INFO - Scanning for CBBCs in Hong Kong markets...
2025-04-13 11:31:17,276 - HKCBBCTracker - INFO - Requesting current prices for 23 securities
2025-04-13 11:31:17,936 - HKCBBCTracker - INFO - Retrieved prices for 23 securities
2025-04-13 11:31:17,937 - HKCBBCTracker - INFO - Searching for all CBBCs in HK market
2025-04-13 11:31:17,939 - HKCBBCTracker - ERROR - Error searching for CBBCs: Operation 'InstrumentListRequest' was not found on service '//blp/refdata.' (0x0006000d)
2025-04-13 11:31:17,939 - HKCBBCTracker - INFO - No CBBCs found using general search, trying per-underlying search
2025-04-13 11:31:17,939 - HKCBBCTracker - INFO - Searching for CBBCs on HSI Index
2025-04-13 11:31:17,939 - HKCBBCTracker - ERROR - Error searching for CBBCs: Operation 'InstrumentListRequest' was not found on service '//blp/refdata.' (0x0006000d)
2025-04-13 11:31:17,940 - HKCBBCTracker - INFO - Searching for CBBCs on HSCEI Index
2025-04-13 11:31:17,940 - HKCBBCTracker - ERROR - Error searching for CBBCs: Operation 'InstrumentListRequest' was not found on service '//blp/refdata.' (0x0006000d)
2025-04-13 11:31:17,940 - HKCBBCTracker - INFO - Searching for CBBCs on HSTECH Index
2025-04-13 11:31:17,941 - HKCBBCTracker - ERROR - Error searching for CBBCs: Operation 'InstrumentListRequest' was not found on service '//blp/refdata.' (0x0006000d)
2025-04-13 11:31:17,941 - HKCBBCTracker - INFO - Searching for CBBCs on 700 HK Equity
2025-04-13 11:31:17,941 - HKCBBCTracker - ERROR - Error searching for CBBCs: Operation 'InstrumentListRequest' was not found on service '//blp/refdata.' (0x0006000d)
2025-04-13 11:31:17,942 - HKCBBCTracker - INFO - Searching for CBBCs on 9988 HK Equity
2025-04-13 11:31:17,942 - HKCBBCTracker - ERROR - Error searching for CBBCs: Operation 'InstrumentListRequest' was not found on service '//blp/refdata.' (0x0006000d)
2025-04-13 11:31:17,942 - HKCBBCTracker - INFO - Searching for CBBCs on 1299 HK Equity
2025-04-13 11:31:17,942 - HKCBBCTracker - ERROR - Error searching for CBBCs: Operation 'InstrumentListRequest' was not found on service '//blp/refdata.' (0x0006000d)
2025-04-13 11:31:17,943 - HKCBBCTracker - INFO - Searching for CBBCs on 1398 HK Equity
2025-04-13 11:31:17,943 - HKCBBCTracker - ERROR - Error searching for CBBCs: Operation 'InstrumentListRequest' was not found on service '//blp/refdata.' (0x0006000d)
2025-04-13 11:31:17,943 - HKCBBCTracker - INFO - Searching for CBBCs on 3988 HK Equity
2025-04-13 11:31:17,943 - HKCBBCTracker - ERROR - Error searching for CBBCs: Operation 'InstrumentListRequest' was not found on service '//blp/refdata.' (0x0006000d)
2025-04-13 11:31:17,943 - HKCBBCTracker - INFO - Searching for CBBCs on 2318 HK Equity
2025-04-13 11:31:17,944 - HKCBBCTracker - ERROR - Error searching for CBBCs: Operation 'InstrumentListRequest' was not found on service '//blp/refdata.' (0x0006000d)
2025-04-13 11:31:17,944 - HKCBBCTracker - INFO - Searching for CBBCs on 939 HK Equity
2025-04-13 11:31:17,944 - HKCBBCTracker - ERROR - Error searching for CBBCs: Operation 'InstrumentListRequest' was not found on service '//blp/refdata.' (0x0006000d)
2025-04-13 11:31:17,944 - HKCBBCTracker - INFO - Searching for CBBCs on 9618 HK Equity
2025-04-13 11:31:17,944 - HKCBBCTracker - ERROR - Error searching for CBBCs: Operation 'InstrumentListRequest' was not found on service '//blp/refdata.' (0x0006000d)
2025-04-13 11:31:17,945 - HKCBBCTracker - INFO - Searching for CBBCs on 9999 HK Equity
2025-04-13 11:31:17,945 - HKCBBCTracker - ERROR - Error searching for CBBCs: Operation 'InstrumentListRequest' was not found on service '//blp/refdata.' (0x0006000d)
2025-04-13 11:31:17,945 - HKCBBCTracker - INFO - Searching for CBBCs on 388 HK Equity
2025-04-13 11:31:17,945 - HKCBBCTracker - ERROR - Error searching for CBBCs: Operation 'InstrumentListRequest' was not found on service '//blp/refdata.' (0x0006000d)
2025-04-13 11:31:17,945 - HKCBBCTracker - INFO - Searching for CBBCs on 2020 HK Equity
2025-04-13 11:31:17,946 - HKCBBCTracker - ERROR - Error searching for CBBCs: Operation 'InstrumentListRequest' was not found on service '//blp/refdata.' (0x0006000d)
2025-04-13 11:31:17,946 - HKCBBCTracker - INFO - Searching for CBBCs on 941 HK Equity
2025-04-13 11:31:17,946 - HKCBBCTracker - ERROR - Error searching for CBBCs: Operation 'InstrumentListRequest' was not found on service '//blp/refdata.' (0x0006000d)
2025-04-13 11:31:17,946 - HKCBBCTracker - INFO - Searching for CBBCs on 688 HK Equity
2025-04-13 11:31:17,946 - HKCBBCTracker - ERROR - Error searching for CBBCs: Operation 'InstrumentListRequest' was not found on service '//blp/refdata.' (0x0006000d)
2025-04-13 11:31:17,946 - HKCBBCTracker - INFO - Searching for CBBCs on 857 HK Equity
2025-04-13 11:31:17,947 - HKCBBCTracker - ERROR - Error searching for CBBCs: Operation 'InstrumentListRequest' was not found on service '//blp/refdata.' (0x0006000d)
2025-04-13 11:31:17,947 - HKCBBCTracker - INFO - Searching for CBBCs on 3690 HK Equity
2025-04-13 11:31:17,947 - HKCBBCTracker - ERROR - Error searching for CBBCs: Operation 'InstrumentListRequest' was not found on service '//blp/refdata.' (0x0006000d)
2025-04-13 11:31:17,947 - HKCBBCTracker - INFO - Searching for CBBCs on 9888 HK Equity
2025-04-13 11:31:17,947 - HKCBBCTracker - ERROR - Error searching for CBBCs: Operation 'InstrumentListRequest' was not found on service '//blp/refdata.' (0x0006000d)
2025-04-13 11:31:17,947 - HKCBBCTracker - INFO - Searching for CBBCs on 1024 HK Equity
2025-04-13 11:31:17,948 - HKCBBCTracker - ERROR - Error searching for CBBCs: Operation 'InstrumentListRequest' was not found on service '//blp/refdata.' (0x0006000d)
2025-04-13 11:31:17,948 - HKCBBCTracker - INFO - Searching for CBBCs on 175 HK Equity
2025-04-13 11:31:17,948 - HKCBBCTracker - ERROR - Error searching for CBBCs: Operation 'InstrumentListRequest' was not found on service '//blp/refdata.' (0x0006000d)
2025-04-13 11:31:17,948 - HKCBBCTracker - INFO - Searching for CBBCs on 2382 HK Equity
2025-04-13 11:31:17,948 - HKCBBCTracker - ERROR - Error searching for CBBCs: Operation 'InstrumentListRequest' was not found on service '//blp/refdata.' (0x0006000d)
2025-04-13 11:31:17,948 - HKCBBCTracker - INFO - Searching for CBBCs on 2628 HK Equity
2025-04-13 11:31:17,948 - HKCBBCTracker - ERROR - Error searching for CBBCs: Operation 'InstrumentListRequest' was not found on service '//blp/refdata.' (0x0006000d)
2025-04-13 11:31:17,949 - HKCBBCTracker - INFO - Found a total of 0 CBBCs
2025-04-13 11:31:17,949 - HKCBBCTracker - WARNING - No CBBCs found. Please check Bloomberg access or try manual search.
2025-04-13 11:31:17,949 - HKCBBCTracker - WARNING - Creating sample data for demonstration purposes
2025-04-13 11:31:17,949 - HKCBBCTracker - ERROR - No barrier analysis available. Run scan_cbbcs() first.
2025-04-13 11:31:17,949 - HKCBBCTracker - ERROR - No barrier analysis available. Run scan_cbbcs() first.
2025-04-13 11:31:17,949 - HKCBBCTracker - INFO - Saving results to CSV...
2025-04-13 11:31:17,949 - HKCBBCTracker - ERROR - No CBBC data available. Run scan_cbbcs() first.
2025-04-13 11:31:17,949 - HKCBBCTracker - INFO - CBBC analysis completed.
2025-04-13 11:31:17,950 - HKCBBCTracker - INFO - Bloomberg session stopped
2025-04-13 11:34:37,909 - HKCBBCTracker - INFO - Connecting to Bloomberg at 127.0.0.1:8194
2025-04-13 11:34:38,404 - HKCBBCTracker - INFO - Bloomberg session started successfully
2025-04-13 11:34:38,405 - HKCBBCTracker - INFO - Scanning for CBBCs in Hong Kong markets...
2025-04-13 11:34:38,405 - HKCBBCTracker - INFO - Getting current prices for underlyings
2025-04-13 11:34:38,405 - HKCBBCTracker - INFO - Requesting data for 9 securities (chunk 1)
2025-04-13 11:34:39,001 - HKCBBCTracker - INFO - Retrieved data for 9 securities
2025-04-13 11:34:39,003 - HKCBBCTracker - INFO - Requesting data for 15 pre-defined CBBCs
2025-04-13 11:34:39,003 - HKCBBCTracker - INFO - Requesting data for 15 securities (chunk 1)
2025-04-13 11:34:39,897 - HKCBBCTracker - INFO - Retrieved data for 15 securities
2025-04-13 11:34:39,910 - HKCBBCTracker - INFO - Extracted details for 0 CBBCs
2025-04-13 11:34:39,910 - HKCBBCTracker - WARNING - No barrier analysis data available.
2025-04-13 11:34:39,910 - HKCBBCTracker - WARNING - No barrier analysis data available.
2025-04-13 11:34:39,910 - HKCBBCTracker - INFO - Saving results to CSV...
2025-04-13 11:34:39,911 - HKCBBCTracker - INFO - CBBC analysis completed.
2025-04-13 11:34:39,912 - HKCBBCTracker - INFO - Bloomberg session stopped
2025-04-13 11:38:50,815 - HKCBBCTracker - INFO - Connecting to Bloomberg at 127.0.0.1:8194
2025-04-13 11:38:51,302 - HKCBBCTracker - INFO - Bloomberg session started successfully
2025-04-13 11:38:51,302 - HKCBBCTracker - INFO - Scanning for CBBCs in Hong Kong markets...
2025-04-13 11:38:51,303 - HKCBBCTracker - INFO - Attempting to retrieve data from Bloomberg
2025-04-13 11:38:51,303 - HKCBBCTracker - WARNING - No valid CBBC data found, using sample data instead
2025-04-13 11:38:51,303 - HKCBBCTracker - INFO - Creating sample CBBC data for analysis
2025-04-13 11:38:51,331 - HKCBBCTracker - INFO - Saving results to CSV...
2025-04-13 11:38:51,347 - HKCBBCTracker - INFO - Saved CBBC details to ./cbbc_data\cbbc_details_20250413_113851.csv
2025-04-13 11:38:51,351 - HKCBBCTracker - INFO - Saved barrier analysis to ./cbbc_data\cbbc_barriers_20250413_113851.csv
2025-04-13 11:38:51,352 - HKCBBCTracker - INFO - CBBC analysis completed.
2025-04-13 11:38:51,353 - HKCBBCTracker - INFO - Bloomberg session stopped
2025-04-13 11:44:12,277 - HKCBBCTracker - INFO - Connecting to Bloomberg at 127.0.0.1:8194
2025-04-13 11:44:12,765 - HKCBBCTracker - INFO - Bloomberg session started successfully
2025-04-13 11:44:12,766 - HKCBBCTracker - INFO - Scanning for CBBCs in Hong Kong markets...
2025-04-13 11:44:12,766 - HKCBBCTracker - INFO - Getting current prices for underlyings
2025-04-13 11:44:12,767 - HKCBBCTracker - INFO - Requesting data for 9 securities (chunk 1)
2025-04-13 11:44:13,467 - HKCBBCTracker - INFO - Retrieved data for 9 securities
2025-04-13 11:44:13,468 - HKCBBCTracker - INFO - Generated 500 potential CBBC tickers
2025-04-13 11:44:13,469 - HKCBBCTracker - INFO - Checking validity of 500 tickers
2025-04-13 11:44:13,470 - HKCBBCTracker - INFO - Requesting data for 100 securities (chunk 1)
2025-04-13 11:44:14,660 - HKCBBCTracker - INFO - Requesting data for 100 securities (chunk 2)
2025-04-13 11:44:15,789 - HKCBBCTracker - INFO - Requesting data for 100 securities (chunk 3)
2025-04-13 11:44:17,026 - HKCBBCTracker - INFO - Requesting data for 100 securities (chunk 4)
2025-04-13 11:44:18,230 - HKCBBCTracker - INFO - Requesting data for 100 securities (chunk 5)
2025-04-13 11:44:19,350 - HKCBBCTracker - INFO - Retrieved data for 500 securities
2025-04-13 11:44:19,461 - HKCBBCTracker - INFO - Found 293 valid securities
2025-04-13 11:44:19,461 - HKCBBCTracker - INFO - Identifying CBBCs among 293 securities
2025-04-13 11:44:19,462 - HKCBBCTracker - INFO - Requesting data for 100 securities (chunk 1)
2025-04-13 11:44:21,051 - HKCBBCTracker - INFO - Requesting data for 100 securities (chunk 2)
2025-04-13 11:44:22,845 - HKCBBCTracker - INFO - Requesting data for 93 securities (chunk 3)
2025-04-13 11:44:24,149 - HKCBBCTracker - INFO - Retrieved data for 293 securities
2025-04-13 11:44:24,159 - HKCBBCTracker - WARNING - No CBBCs identified
2025-04-13 11:44:24,160 - HKCBBCTracker - INFO - Creating sample CBBC data for analysis
2025-04-13 11:44:24,167 - HKCBBCTracker - ERROR - Unexpected error: '<' not supported between instances of 'float' and 'str'
2025-04-13 11:44:24,168 - HKCBBCTracker - ERROR - Traceback (most recent call last):
  File "g:/tbricks/python/hk_cbbc_tracker.py", line 1085, in main
    tracker.scan_cbbcs()
  File "g:/tbricks/python/hk_cbbc_tracker.py", line 844, in scan_cbbcs
    barrier_analysis = self.analyze_cbbc_barriers(grouped_data, self.price_data)
  File "g:/tbricks/python/hk_cbbc_tracker.py", line 740, in analyze_cbbc_barriers
    below_barriers = [b for b in bull_barriers if b < current_price]
  File "g:/tbricks/python/hk_cbbc_tracker.py", line 740, in <listcomp>
    below_barriers = [b for b in bull_barriers if b < current_price]
TypeError: '<' not supported between instances of 'float' and 'str'

2025-04-13 11:44:24,170 - HKCBBCTracker - INFO - Bloomberg session stopped
2025-04-13 11:48:12,213 - HKCBBCTracker - INFO - Connecting to Bloomberg at 127.0.0.1:8194
2025-04-13 11:48:12,736 - HKCBBCTracker - INFO - Bloomberg session started successfully
2025-04-13 11:48:12,737 - HKCBBCTracker - INFO - Scanning for CBBCs in Hong Kong markets...
2025-04-13 11:48:12,737 - HKCBBCTracker - INFO - Getting current prices for underlyings
2025-04-13 11:48:12,737 - HKCBBCTracker - INFO - Requesting data for 9 securities (chunk 1)
2025-04-13 11:48:13,277 - HKCBBCTracker - INFO - Retrieved data for 9 securities
2025-04-13 11:48:13,278 - HKCBBCTracker - INFO - Generated 500 potential CBBC tickers
2025-04-13 11:48:13,279 - HKCBBCTracker - INFO - Checking validity of 500 tickers
2025-04-13 11:48:13,279 - HKCBBCTracker - INFO - Requesting data for 100 securities (chunk 1)
2025-04-13 11:48:14,610 - HKCBBCTracker - INFO - Requesting data for 100 securities (chunk 2)
2025-04-13 11:48:15,751 - HKCBBCTracker - INFO - Requesting data for 100 securities (chunk 3)
2025-04-13 11:48:16,951 - HKCBBCTracker - INFO - Requesting data for 100 securities (chunk 4)
2025-04-13 11:48:17,927 - HKCBBCTracker - INFO - Requesting data for 100 securities (chunk 5)
2025-04-13 11:48:19,099 - HKCBBCTracker - INFO - Retrieved data for 500 securities
2025-04-13 11:48:19,111 - HKCBBCTracker - INFO - Found 293 valid securities
2025-04-13 11:48:19,112 - HKCBBCTracker - INFO - Identifying CBBCs among 293 securities
2025-04-13 11:48:19,112 - HKCBBCTracker - INFO - Requesting data for 100 securities (chunk 1)
2025-04-13 11:48:20,670 - HKCBBCTracker - INFO - Requesting data for 100 securities (chunk 2)
2025-04-13 11:48:22,473 - HKCBBCTracker - INFO - Requesting data for 93 securities (chunk 3)
2025-04-13 11:48:24,265 - HKCBBCTracker - INFO - Retrieved data for 293 securities
2025-04-13 11:48:24,276 - HKCBBCTracker - WARNING - No CBBCs identified
2025-04-13 11:48:24,276 - HKCBBCTracker - INFO - Creating sample CBBC data for analysis
2025-04-13 11:48:24,300 - HKCBBCTracker - INFO - Saving results to CSV...
2025-04-13 11:48:24,307 - HKCBBCTracker - INFO - Saved CBBC details to ./cbbc_data\cbbc_details_20250413_114824.csv
2025-04-13 11:48:24,312 - HKCBBCTracker - INFO - Saved barrier analysis to ./cbbc_data\cbbc_barriers_20250413_114824.csv
2025-04-13 11:48:24,312 - HKCBBCTracker - INFO - CBBC analysis completed.
2025-04-13 11:48:24,314 - HKCBBCTracker - INFO - Bloomberg session stopped
2025-04-13 11:53:17,201 - HKCBBCTracker - INFO - Connecting to Bloomberg at 127.0.0.1:8194
2025-04-13 11:53:17,659 - HKCBBCTracker - INFO - Bloomberg session started successfully
2025-04-13 11:53:17,660 - HKCBBCTracker - INFO - Scanning for CBBCs in Hong Kong markets...
2025-04-13 11:53:17,660 - HKCBBCTracker - INFO - Getting current prices for underlyings
2025-04-13 11:53:17,661 - HKCBBCTracker - INFO - Requesting data for 9 securities (chunk 1)
2025-04-13 11:53:18,266 - HKCBBCTracker - INFO - Retrieved data for 9 securities
2025-04-13 11:53:18,268 - HKCBBCTracker - INFO - Checking validity of 170 tickers
2025-04-13 11:53:18,269 - HKCBBCTracker - INFO - Requesting data for 100 securities (chunk 1)
2025-04-13 11:53:19,604 - HKCBBCTracker - INFO - Requesting data for 70 securities (chunk 2)
2025-04-13 11:53:20,875 - HKCBBCTracker - INFO - Retrieved data for 170 securities
2025-04-13 11:53:20,891 - HKCBBCTracker - INFO - Found 85 potential CBBCs among 95 valid securities
2025-04-13 11:53:20,892 - HKCBBCTracker - INFO - Identifying CBBCs among 85 securities
2025-04-13 11:53:20,894 - HKCBBCTracker - INFO - Requesting data for 85 securities (chunk 1)
2025-04-13 11:53:22,275 - HKCBBCTracker - INFO - Retrieved data for 85 securities
2025-04-13 11:53:22,278 - HKCBBCTracker - INFO - Sample of retrieved data: [{'TICKER': '69000 HK Equity', 'SECURITY_DES': '69000', 'SHORT_NAME': 'HANG SENG I-RC27', 'NAME': 'UBS    -RC27 HANG SENG IND', 'LONG_COMP_NAME': 'Hang Seng Index', 'SECURITY_TYP': 'Index WRT', 'MARKET_SECTOR_DES': 'Equity', 'CRNCY': 'HKD', 'PX_LAST': '0.010000', 'PX_VOLUME': '74480000.000000', 'OPT_UNDL_TICKER': 'HSI', 'OPT_STRIKE_PX': '19800.000000', 'OPT_EXPIRE_DT': '2027-11-29', 'OPT_PUT_CALL': 'Call', 'OPT_EXER_TYP': 'European', 'ID_ISIN': 'CH1417585572', 'ISSUER': 'UBS AG/London', 'CALLABLE_IND': None}, {'TICKER': '69100 HK Equity', 'SECURITY_DES': '69100', 'SHORT_NAME': 'AIA GROUP L-RC25', 'NAME': 'CITIGRP-RC25 AIA GROUP LTD', 'LONG_COMP_NAME': 'AIA Group Ltd', 'SECURITY_TYP': 'Equity WRT', 'MARKET_SECTOR_DES': 'Equity', 'CRNCY': 'HKD', 'PX_LAST': None, 'PX_VOLUME': '0.000000', 'OPT_UNDL_TICKER': '1299 HK', 'OPT_STRIKE_PX': '59.400000', 'OPT_EXPIRE_DT': '2025-10-31', 'OPT_PUT_CALL': 'Call', 'OPT_EXER_TYP': 'European', 'ID_ISIN': 'DE000KJ61NL7', 'ISSUER': 'Citigroup Global Markets EU AG', 'CALLABLE_IND': None}, {'TICKER': '69200 HK Equity', 'SECURITY_DES': '69200', 'SHORT_NAME': 'HANG SENG I-RC26', 'NAME': 'HSBC   -RC26 HANG SENG IND', 'LONG_COMP_NAME': 'Hang Seng Index', 'SECURITY_TYP': 'Index WRT', 'MARKET_SECTOR_DES': 'Equity', 'CRNCY': 'HKD', 'PX_LAST': '0.540000', 'PX_VOLUME': '0.000000', 'OPT_UNDL_TICKER': 'HSI', 'OPT_STRIKE_PX': '15028.000000', 'OPT_EXPIRE_DT': '2026-09-29', 'OPT_PUT_CALL': 'Call', 'OPT_EXER_TYP': 'European', 'ID_ISIN': 'HK0000995370', 'ISSUER': 'Hongkong & Shanghai Banking Co', 'CALLABLE_IND': None}]
2025-04-13 11:53:22,285 - HKCBBCTracker - INFO - Identified 85 CBBCs
2025-04-13 11:53:22,292 - HKCBBCTracker - INFO - Processed 85 CBBCs with details
2025-04-13 11:53:22,298 - HKCBBCTracker - ERROR - Error analyzing bear barriers for 1810 HK: 'Volume_Pct'
2025-04-13 11:53:22,298 - HKCBBCTracker - ERROR - Error analyzing bear barriers for HSTECH: 'Volume_Pct'
2025-04-13 11:53:22,298 - HKCBBCTracker - ERROR - Error analyzing bull barriers for 9988 HK: 'Volume_Pct'
2025-04-13 11:53:22,298 - HKCBBCTracker - ERROR - Error analyzing bear barriers for 9988 HK: 'Volume_Pct'
2025-04-13 11:53:22,298 - HKCBBCTracker - ERROR - Error analyzing bull barriers for 2318 HK: 'Volume_Pct'
2025-04-13 11:53:22,298 - HKCBBCTracker - ERROR - Error analyzing bear barriers for 2318 HK: 'Volume_Pct'
2025-04-13 11:53:22,298 - HKCBBCTracker - ERROR - Error analyzing bear barriers for 6030 HK: 'Volume_Pct'
2025-04-13 11:53:22,299 - HKCBBCTracker - ERROR - Error analyzing bull barriers for 1211 HK: 'Volume_Pct'
2025-04-13 11:53:22,299 - HKCBBCTracker - ERROR - Error analyzing bull barriers for 981 HK: 'Volume_Pct'
2025-04-13 11:53:22,299 - HKCBBCTracker - ERROR - Error analyzing bull barriers for 2269 HK: 'Volume_Pct'
2025-04-13 11:53:22,299 - HKCBBCTracker - ERROR - Error analyzing bull barriers for 388 HK: 'Volume_Pct'
2025-04-13 11:53:22,299 - HKCBBCTracker - ERROR - Error analyzing bear barriers for HSCEI: 'Volume_Pct'
2025-04-13 11:53:22,311 - HKCBBCTracker - INFO - Saving results to CSV...
2025-04-13 11:53:22,318 - HKCBBCTracker - INFO - Saved CBBC details to ./cbbc_data\cbbc_details_20250413_115322.csv
2025-04-13 11:53:22,321 - HKCBBCTracker - INFO - Saved barrier analysis to ./cbbc_data\cbbc_barriers_20250413_115322.csv
2025-04-13 11:53:22,322 - HKCBBCTracker - INFO - CBBC analysis completed.
2025-04-13 11:53:22,325 - HKCBBCTracker - INFO - Bloomberg session stopped
2025-04-13 11:59:50,394 - HKCBBCTracker - INFO - Connecting to Bloomberg at 127.0.0.1:8194
2025-04-13 11:59:50,873 - HKCBBCTracker - INFO - Bloomberg session started successfully
2025-04-13 11:59:50,874 - HKCBBCTracker - INFO - Scanning for CBBCs in Hong Kong markets...
2025-04-13 11:59:50,874 - HKCBBCTracker - INFO - Getting current prices for underlyings
2025-04-13 11:59:50,874 - HKCBBCTracker - INFO - Requesting data for 9 securities (chunk 1)
2025-04-13 11:59:51,453 - HKCBBCTracker - INFO - Retrieved data for 9 securities
2025-04-13 11:59:51,454 - HKCBBCTracker - INFO - Checking validity of 170 tickers
2025-04-13 11:59:51,455 - HKCBBCTracker - INFO - Requesting data for 100 securities (chunk 1)
2025-04-13 11:59:52,736 - HKCBBCTracker - INFO - Requesting data for 70 securities (chunk 2)
2025-04-13 11:59:53,858 - HKCBBCTracker - INFO - Retrieved data for 170 securities
2025-04-13 11:59:53,873 - HKCBBCTracker - INFO - Found 85 potential CBBCs among 95 valid securities
2025-04-13 11:59:53,874 - HKCBBCTracker - INFO - Identifying CBBCs among 85 securities
2025-04-13 11:59:53,874 - HKCBBCTracker - INFO - Requesting data for 85 securities (chunk 1)
2025-04-13 11:59:55,943 - HKCBBCTracker - INFO - Retrieved data for 85 securities
2025-04-13 11:59:55,946 - HKCBBCTracker - INFO - Sample of retrieved data: [{'TICKER': '58200 HK Equity', 'SECURITY_DES': '58200', 'SHORT_NAME': 'HANG SENG I-RP27', 'NAME': 'HT HK  -RP27 HANG SENG IND', 'LONG_COMP_NAME': 'Hang Seng Index', 'SECURITY_TYP': 'Index WRT', 'MARKET_SECTOR_DES': 'Equity', 'CRNCY': 'HKD', 'PX_LAST': '0.430000', 'PX_VOLUME': '0.000000', 'OPT_UNDL_TICKER': 'HSI', 'OPT_STRIKE_PX': '25400.000000', 'OPT_EXPIRE_DT': '2027-12-30', 'OPT_PUT_CALL': 'Put', 'OPT_EXER_TYP': 'European', 'ID_ISIN': 'HK0001119004', 'ISSUER': 'Huatai Financial Holdings Hong', 'CALLABLE_IND': None}, {'TICKER': '58600 HK Equity', 'SECURITY_DES': '58600', 'SHORT_NAME': 'HANG SENG I-RC27', 'NAME': 'JPM    -RC27 HANG SENG IND', 'LONG_COMP_NAME': 'Hang Seng Index', 'SECURITY_TYP': 'Index WRT', 'MARKET_SECTOR_DES': 'Equity', 'CRNCY': 'HKD', 'PX_LAST': None, 'PX_VOLUME': '0.000000', 'OPT_UNDL_TICKER': 'HSI', 'OPT_STRIKE_PX': '23550.000000', 'OPT_EXPIRE_DT': '2027-07-29', 'OPT_PUT_CALL': 'Call', 'OPT_EXER_TYP': 'European', 'ID_ISIN': 'NLJPMSP0Z379', 'ISSUER': 'JP Morgan Structured Products', 'CALLABLE_IND': None}, {'TICKER': '58800 HK Equity', 'SECURITY_DES': '58800', 'SHORT_NAME': 'HANG SENG I-RC28', 'NAME': 'SGISSUE-RC28 HANG SENG IND', 'LONG_COMP_NAME': 'Hang Seng Index', 'SECURITY_TYP': 'Index WRT', 'MARKET_SECTOR_DES': 'Equity', 'CRNCY': 'HKD', 'PX_LAST': None, 'PX_VOLUME': '0.000000', 'OPT_UNDL_TICKER': 'HSI', 'OPT_STRIKE_PX': '23400.000000', 'OPT_EXPIRE_DT': '2028-10-30', 'OPT_PUT_CALL': 'Call', 'OPT_EXER_TYP': 'European', 'ID_ISIN': None, 'ISSUER': 'SG Issuer SA', 'CALLABLE_IND': None}]
2025-04-13 11:59:55,954 - HKCBBCTracker - INFO - Identified 85 CBBCs
2025-04-13 11:59:55,960 - HKCBBCTracker - INFO - Processed 85 CBBCs with details
2025-04-13 11:59:55,980 - HKCBBCTracker - INFO - Saving results to CSV...
2025-04-13 11:59:55,987 - HKCBBCTracker - INFO - Saved CBBC details to ./cbbc_data\cbbc_details_20250413_115955.csv
2025-04-13 11:59:55,991 - HKCBBCTracker - INFO - Saved barrier analysis to ./cbbc_data\cbbc_barriers_20250413_115955.csv
2025-04-13 11:59:55,991 - HKCBBCTracker - INFO - CBBC analysis completed.
2025-04-13 11:59:55,995 - HKCBBCTracker - INFO - Bloomberg session stopped
