2025-04-13 12:13:06,616 - HKLeverageFundsTracker - INFO - Connecting to Bloomberg at 127.0.0.1:8194
2025-04-13 12:13:07,072 - HKLeverageFundsTracker - INFO - Bloomberg session started successfully
2025-04-13 12:13:07,072 - HKLeverageFundsTracker - INFO - Tracking leveraged and inverse funds in Hong Kong...
2025-04-13 12:13:07,072 - HKLeverageFundsTracker - ERROR - Error searching securities: Operation 'instrumentListRequest' was not found on service '//blp/refdata.' (0x0006000d)
2025-04-13 12:13:07,084 - HKLeverageFundsTracker - ERROR - Traceback (most recent call last):
  File "g:/tbricks/python/hk_invese_leverage_aum.py", line 254, in search_securities
    request = refDataService.createRequest("instrumentListRequest")
  File "C:\Users\caifeng\anaconda3\envs\base1\lib\site-packages\blpapi\service.py", line 393, in createRequest
    _ExceptionUtil.raiseOnError(errCode)
  File "C:\Users\caifeng\anaconda3\envs\base1\lib\site-packages\blpapi\exception.py", line 143, in raiseOnError
    _ExceptionUtil.raiseException(errorCode, description)
  File "C:\Users\caifeng\anaconda3\envs\base1\lib\site-packages\blpapi\exception.py", line 135, in raiseException
    raise errorClass(description, errorCode)
blpapi.exception.NotFoundException: Operation 'instrumentListRequest' was not found on service '//blp/refdata.' (0x0006000d)

2025-04-13 12:13:07,085 - HKLeverageFundsTracker - ERROR - Error searching securities: Operation 'instrumentListRequest' was not found on service '//blp/refdata.' (0x0006000d)
2025-04-13 12:13:07,085 - HKLeverageFundsTracker - ERROR - Traceback (most recent call last):
  File "g:/tbricks/python/hk_invese_leverage_aum.py", line 254, in search_securities
    request = refDataService.createRequest("instrumentListRequest")
  File "C:\Users\caifeng\anaconda3\envs\base1\lib\site-packages\blpapi\service.py", line 393, in createRequest
    _ExceptionUtil.raiseOnError(errCode)
  File "C:\Users\caifeng\anaconda3\envs\base1\lib\site-packages\blpapi\exception.py", line 143, in raiseOnError
    _ExceptionUtil.raiseException(errorCode, description)
  File "C:\Users\caifeng\anaconda3\envs\base1\lib\site-packages\blpapi\exception.py", line 135, in raiseException
    raise errorClass(description, errorCode)
blpapi.exception.NotFoundException: Operation 'instrumentListRequest' was not found on service '//blp/refdata.' (0x0006000d)

2025-04-13 12:13:07,086 - HKLeverageFundsTracker - ERROR - Error searching securities: Operation 'instrumentListRequest' was not found on service '//blp/refdata.' (0x0006000d)
2025-04-13 12:13:07,087 - HKLeverageFundsTracker - ERROR - Traceback (most recent call last):
  File "g:/tbricks/python/hk_invese_leverage_aum.py", line 254, in search_securities
    request = refDataService.createRequest("instrumentListRequest")
  File "C:\Users\caifeng\anaconda3\envs\base1\lib\site-packages\blpapi\service.py", line 393, in createRequest
    _ExceptionUtil.raiseOnError(errCode)
  File "C:\Users\caifeng\anaconda3\envs\base1\lib\site-packages\blpapi\exception.py", line 143, in raiseOnError
    _ExceptionUtil.raiseException(errorCode, description)
  File "C:\Users\caifeng\anaconda3\envs\base1\lib\site-packages\blpapi\exception.py", line 135, in raiseException
    raise errorClass(description, errorCode)
blpapi.exception.NotFoundException: Operation 'instrumentListRequest' was not found on service '//blp/refdata.' (0x0006000d)

2025-04-13 12:13:07,087 - HKLeverageFundsTracker - ERROR - Error searching securities: Operation 'instrumentListRequest' was not found on service '//blp/refdata.' (0x0006000d)
2025-04-13 12:13:07,088 - HKLeverageFundsTracker - ERROR - Traceback (most recent call last):
  File "g:/tbricks/python/hk_invese_leverage_aum.py", line 254, in search_securities
    request = refDataService.createRequest("instrumentListRequest")
  File "C:\Users\caifeng\anaconda3\envs\base1\lib\site-packages\blpapi\service.py", line 393, in createRequest
    _ExceptionUtil.raiseOnError(errCode)
  File "C:\Users\caifeng\anaconda3\envs\base1\lib\site-packages\blpapi\exception.py", line 143, in raiseOnError
    _ExceptionUtil.raiseException(errorCode, description)
  File "C:\Users\caifeng\anaconda3\envs\base1\lib\site-packages\blpapi\exception.py", line 135, in raiseException
    raise errorClass(description, errorCode)
blpapi.exception.NotFoundException: Operation 'instrumentListRequest' was not found on service '//blp/refdata.' (0x0006000d)

2025-04-13 12:13:07,089 - HKLeverageFundsTracker - ERROR - Error searching securities: Operation 'instrumentListRequest' was not found on service '//blp/refdata.' (0x0006000d)
2025-04-13 12:13:07,090 - HKLeverageFundsTracker - ERROR - Traceback (most recent call last):
  File "g:/tbricks/python/hk_invese_leverage_aum.py", line 254, in search_securities
    request = refDataService.createRequest("instrumentListRequest")
  File "C:\Users\caifeng\anaconda3\envs\base1\lib\site-packages\blpapi\service.py", line 393, in createRequest
    _ExceptionUtil.raiseOnError(errCode)
  File "C:\Users\caifeng\anaconda3\envs\base1\lib\site-packages\blpapi\exception.py", line 143, in raiseOnError
    _ExceptionUtil.raiseException(errorCode, description)
  File "C:\Users\caifeng\anaconda3\envs\base1\lib\site-packages\blpapi\exception.py", line 135, in raiseException
    raise errorClass(description, errorCode)
blpapi.exception.NotFoundException: Operation 'instrumentListRequest' was not found on service '//blp/refdata.' (0x0006000d)

2025-04-13 12:13:07,091 - HKLeverageFundsTracker - ERROR - Error searching securities: Operation 'instrumentListRequest' was not found on service '//blp/refdata.' (0x0006000d)
2025-04-13 12:13:07,091 - HKLeverageFundsTracker - ERROR - Traceback (most recent call last):
  File "g:/tbricks/python/hk_invese_leverage_aum.py", line 254, in search_securities
    request = refDataService.createRequest("instrumentListRequest")
  File "C:\Users\caifeng\anaconda3\envs\base1\lib\site-packages\blpapi\service.py", line 393, in createRequest
    _ExceptionUtil.raiseOnError(errCode)
  File "C:\Users\caifeng\anaconda3\envs\base1\lib\site-packages\blpapi\exception.py", line 143, in raiseOnError
    _ExceptionUtil.raiseException(errorCode, description)
  File "C:\Users\caifeng\anaconda3\envs\base1\lib\site-packages\blpapi\exception.py", line 135, in raiseException
    raise errorClass(description, errorCode)
blpapi.exception.NotFoundException: Operation 'instrumentListRequest' was not found on service '//blp/refdata.' (0x0006000d)

2025-04-13 12:13:07,092 - HKLeverageFundsTracker - ERROR - Error searching securities: Operation 'instrumentListRequest' was not found on service '//blp/refdata.' (0x0006000d)
2025-04-13 12:13:07,093 - HKLeverageFundsTracker - ERROR - Traceback (most recent call last):
  File "g:/tbricks/python/hk_invese_leverage_aum.py", line 254, in search_securities
    request = refDataService.createRequest("instrumentListRequest")
  File "C:\Users\caifeng\anaconda3\envs\base1\lib\site-packages\blpapi\service.py", line 393, in createRequest
    _ExceptionUtil.raiseOnError(errCode)
  File "C:\Users\caifeng\anaconda3\envs\base1\lib\site-packages\blpapi\exception.py", line 143, in raiseOnError
    _ExceptionUtil.raiseException(errorCode, description)
  File "C:\Users\caifeng\anaconda3\envs\base1\lib\site-packages\blpapi\exception.py", line 135, in raiseException
    raise errorClass(description, errorCode)
blpapi.exception.NotFoundException: Operation 'instrumentListRequest' was not found on service '//blp/refdata.' (0x0006000d)

2025-04-13 12:13:07,094 - HKLeverageFundsTracker - ERROR - Error searching securities: Operation 'instrumentListRequest' was not found on service '//blp/refdata.' (0x0006000d)
2025-04-13 12:13:07,094 - HKLeverageFundsTracker - ERROR - Traceback (most recent call last):
  File "g:/tbricks/python/hk_invese_leverage_aum.py", line 254, in search_securities
    request = refDataService.createRequest("instrumentListRequest")
  File "C:\Users\caifeng\anaconda3\envs\base1\lib\site-packages\blpapi\service.py", line 393, in createRequest
    _ExceptionUtil.raiseOnError(errCode)
  File "C:\Users\caifeng\anaconda3\envs\base1\lib\site-packages\blpapi\exception.py", line 143, in raiseOnError
    _ExceptionUtil.raiseException(errorCode, description)
  File "C:\Users\caifeng\anaconda3\envs\base1\lib\site-packages\blpapi\exception.py", line 135, in raiseException
    raise errorClass(description, errorCode)
blpapi.exception.NotFoundException: Operation 'instrumentListRequest' was not found on service '//blp/refdata.' (0x0006000d)

2025-04-13 12:13:07,095 - HKLeverageFundsTracker - ERROR - Error searching securities: Operation 'instrumentListRequest' was not found on service '//blp/refdata.' (0x0006000d)
2025-04-13 12:13:07,095 - HKLeverageFundsTracker - ERROR - Traceback (most recent call last):
  File "g:/tbricks/python/hk_invese_leverage_aum.py", line 254, in search_securities
    request = refDataService.createRequest("instrumentListRequest")
  File "C:\Users\caifeng\anaconda3\envs\base1\lib\site-packages\blpapi\service.py", line 393, in createRequest
    _ExceptionUtil.raiseOnError(errCode)
  File "C:\Users\caifeng\anaconda3\envs\base1\lib\site-packages\blpapi\exception.py", line 143, in raiseOnError
    _ExceptionUtil.raiseException(errorCode, description)
  File "C:\Users\caifeng\anaconda3\envs\base1\lib\site-packages\blpapi\exception.py", line 135, in raiseException
    raise errorClass(description, errorCode)
blpapi.exception.NotFoundException: Operation 'instrumentListRequest' was not found on service '//blp/refdata.' (0x0006000d)

2025-04-13 12:13:07,096 - HKLeverageFundsTracker - ERROR - Error searching securities: Operation 'instrumentListRequest' was not found on service '//blp/refdata.' (0x0006000d)
2025-04-13 12:13:07,096 - HKLeverageFundsTracker - ERROR - Traceback (most recent call last):
  File "g:/tbricks/python/hk_invese_leverage_aum.py", line 254, in search_securities
    request = refDataService.createRequest("instrumentListRequest")
  File "C:\Users\caifeng\anaconda3\envs\base1\lib\site-packages\blpapi\service.py", line 393, in createRequest
    _ExceptionUtil.raiseOnError(errCode)
  File "C:\Users\caifeng\anaconda3\envs\base1\lib\site-packages\blpapi\exception.py", line 143, in raiseOnError
    _ExceptionUtil.raiseException(errorCode, description)
  File "C:\Users\caifeng\anaconda3\envs\base1\lib\site-packages\blpapi\exception.py", line 135, in raiseException
    raise errorClass(description, errorCode)
blpapi.exception.NotFoundException: Operation 'instrumentListRequest' was not found on service '//blp/refdata.' (0x0006000d)

2025-04-13 12:13:07,097 - HKLeverageFundsTracker - ERROR - Error searching securities: Operation 'instrumentListRequest' was not found on service '//blp/refdata.' (0x0006000d)
2025-04-13 12:13:07,097 - HKLeverageFundsTracker - ERROR - Traceback (most recent call last):
  File "g:/tbricks/python/hk_invese_leverage_aum.py", line 254, in search_securities
    request = refDataService.createRequest("instrumentListRequest")
  File "C:\Users\caifeng\anaconda3\envs\base1\lib\site-packages\blpapi\service.py", line 393, in createRequest
    _ExceptionUtil.raiseOnError(errCode)
  File "C:\Users\caifeng\anaconda3\envs\base1\lib\site-packages\blpapi\exception.py", line 143, in raiseOnError
    _ExceptionUtil.raiseException(errorCode, description)
  File "C:\Users\caifeng\anaconda3\envs\base1\lib\site-packages\blpapi\exception.py", line 135, in raiseException
    raise errorClass(description, errorCode)
blpapi.exception.NotFoundException: Operation 'instrumentListRequest' was not found on service '//blp/refdata.' (0x0006000d)

2025-04-13 12:13:07,098 - HKLeverageFundsTracker - ERROR - Error searching securities: Operation 'instrumentListRequest' was not found on service '//blp/refdata.' (0x0006000d)
2025-04-13 12:13:07,098 - HKLeverageFundsTracker - ERROR - Traceback (most recent call last):
  File "g:/tbricks/python/hk_invese_leverage_aum.py", line 254, in search_securities
    request = refDataService.createRequest("instrumentListRequest")
  File "C:\Users\caifeng\anaconda3\envs\base1\lib\site-packages\blpapi\service.py", line 393, in createRequest
    _ExceptionUtil.raiseOnError(errCode)
  File "C:\Users\caifeng\anaconda3\envs\base1\lib\site-packages\blpapi\exception.py", line 143, in raiseOnError
    _ExceptionUtil.raiseException(errorCode, description)
  File "C:\Users\caifeng\anaconda3\envs\base1\lib\site-packages\blpapi\exception.py", line 135, in raiseException
    raise errorClass(description, errorCode)
blpapi.exception.NotFoundException: Operation 'instrumentListRequest' was not found on service '//blp/refdata.' (0x0006000d)

2025-04-13 12:13:07,099 - HKLeverageFundsTracker - WARNING - No leveraged/inverse ETFs found through search
2025-04-13 12:13:07,100 - HKLeverageFundsTracker - INFO - Requesting data for 14 securities (chunk 1)
2025-04-13 12:13:08,099 - HKLeverageFundsTracker - INFO - Retrieved data for 14 securities
2025-04-13 12:13:08,103 - HKLeverageFundsTracker - INFO - Identified 13 leveraged/inverse ETFs
2025-04-13 12:13:08,107 - HKLeverageFundsTracker - INFO - Processed 13 leveraged/inverse ETFs with details
2025-04-13 12:13:08,134 - HKLeverageFundsTracker - INFO - Saving results to CSV...
2025-04-13 12:13:08,139 - HKLeverageFundsTracker - INFO - Saved ETF list to ./hk_li_funds\hk_li_etfs_20250413_121308.csv
2025-04-13 12:13:08,143 - HKLeverageFundsTracker - INFO - Saved aggregated data by underlying to ./hk_li_funds\hk_li_agg_by_underlying_20250413_121308.csv
2025-04-13 12:13:08,146 - HKLeverageFundsTracker - INFO - Saved aggregated data by issuer to ./hk_li_funds\hk_li_agg_by_issuer_20250413_121308.csv
2025-04-13 12:13:08,147 - HKLeverageFundsTracker - INFO - Leveraged and inverse funds tracking completed.
2025-04-13 12:13:08,150 - HKLeverageFundsTracker - INFO - Bloomberg session stopped
2025-04-13 12:17:38,880 - HKLeverageFundsTracker - INFO - Connecting to Bloomberg at 127.0.0.1:8194
2025-04-13 12:17:39,374 - HKLeverageFundsTracker - INFO - Bloomberg session started successfully
2025-04-13 12:17:39,374 - HKLeverageFundsTracker - INFO - Tracking leveraged and inverse funds in Hong Kong...
2025-04-13 12:17:39,374 - HKLeverageFundsTracker - INFO - Checking 406 potential ETF tickers
2025-04-13 12:17:39,375 - HKLeverageFundsTracker - INFO - Requesting data for 100 securities (chunk 1)
2025-04-13 12:17:40,310 - HKLeverageFundsTracker - INFO - Requesting data for 100 securities (chunk 2)
2025-04-13 12:17:41,232 - HKLeverageFundsTracker - INFO - Requesting data for 100 securities (chunk 3)
2025-04-13 12:17:41,929 - HKLeverageFundsTracker - INFO - Requesting data for 100 securities (chunk 4)
2025-04-13 12:17:42,846 - HKLeverageFundsTracker - INFO - Requesting data for 6 securities (chunk 5)
2025-04-13 12:17:43,748 - HKLeverageFundsTracker - INFO - Retrieved data for 406 securities
2025-04-13 12:17:43,758 - HKLeverageFundsTracker - INFO - Identified 58 leveraged/inverse ETFs
2025-04-13 12:17:43,760 - HKLeverageFundsTracker - INFO - Sample of identified ETFs: [{'TICKER': '7299 HK Equity', 'NAME': 'CSOP GOLD FUTURES DAILY -HKD'}, {'TICKER': '7242 HK Equity', 'NAME': 'E FUND YUANTA HSI DAILY-2X L'}, {'TICKER': '7248 HK Equity', 'NAME': 'CSOP FTSE CHINA A50 INDE-HKD'}]
2025-04-13 12:17:43,770 - HKLeverageFundsTracker - INFO - Processed 58 leveraged/inverse ETFs with details
2025-04-13 12:17:43,812 - HKLeverageFundsTracker - INFO - Saving results to CSV...
2025-04-13 12:17:43,819 - HKLeverageFundsTracker - INFO - Saved ETF list to ./hk_li_funds\hk_li_etfs_20250413_121743.csv
2025-04-13 12:17:43,823 - HKLeverageFundsTracker - INFO - Saved aggregated data by underlying to ./hk_li_funds\hk_li_agg_by_underlying_20250413_121743.csv
2025-04-13 12:17:43,826 - HKLeverageFundsTracker - INFO - Saved aggregated data by issuer to ./hk_li_funds\hk_li_agg_by_issuer_20250413_121743.csv
2025-04-13 12:17:43,826 - HKLeverageFundsTracker - INFO - Leveraged and inverse funds tracking completed.
2025-04-13 12:17:43,830 - HKLeverageFundsTracker - INFO - Bloomberg session stopped
2025-04-13 12:23:10,889 - HKLeverageFundsTracker - INFO - Connecting to Bloomberg at 127.0.0.1:8194
2025-04-13 12:23:11,433 - HKLeverageFundsTracker - INFO - Bloomberg session started successfully
2025-04-13 12:23:11,433 - HKLeverageFundsTracker - INFO - Tracking leveraged and inverse funds in Hong Kong...
2025-04-13 12:23:11,434 - HKLeverageFundsTracker - INFO - Checking 406 potential ETF tickers
2025-04-13 12:23:11,436 - HKLeverageFundsTracker - INFO - Requesting data for 100 securities (chunk 1)
2025-04-13 12:23:12,498 - HKLeverageFundsTracker - INFO - Requesting data for 100 securities (chunk 2)
2025-04-13 12:23:13,499 - HKLeverageFundsTracker - INFO - Requesting data for 100 securities (chunk 3)
2025-04-13 12:23:14,175 - HKLeverageFundsTracker - INFO - Requesting data for 100 securities (chunk 4)
2025-04-13 12:23:15,017 - HKLeverageFundsTracker - INFO - Requesting data for 6 securities (chunk 5)
2025-04-13 12:23:15,896 - HKLeverageFundsTracker - INFO - Retrieved data for 406 securities
2025-04-13 12:23:15,912 - HKLeverageFundsTracker - INFO - Identified 58 leveraged/inverse ETFs
2025-04-13 12:23:15,913 - HKLeverageFundsTracker - INFO - Sample of identified ETFs: [{'TICKER': '7210 HK Equity', 'NAME': 'XIE SHARES FTSE N SHR 2X'}, {'TICKER': '7288 HK Equity', 'NAME': 'CSOP HANG SENG CHINA ENT-HKD'}, {'TICKER': '7272 HK Equity', 'NAME': 'CHINAAMC CSI 300  INDEX  D-H'}]
2025-04-13 12:23:15,924 - HKLeverageFundsTracker - INFO - Processed 58 leveraged/inverse ETFs with details
2025-04-13 12:23:15,970 - HKLeverageFundsTracker - INFO - Saving results to CSV...
2025-04-13 12:23:15,977 - HKLeverageFundsTracker - INFO - Saved ETF list to ./hk_li_funds\hk_li_etfs_20250413_122315.csv
2025-04-13 12:23:15,981 - HKLeverageFundsTracker - INFO - Saved aggregated data by underlying to ./hk_li_funds\hk_li_agg_by_underlying_20250413_122315.csv
2025-04-13 12:23:15,985 - HKLeverageFundsTracker - INFO - Saved aggregated data by issuer to ./hk_li_funds\hk_li_agg_by_issuer_20250413_122315.csv
2025-04-13 12:23:15,985 - HKLeverageFundsTracker - INFO - Leveraged and inverse funds tracking completed.
2025-04-13 12:23:15,989 - HKLeverageFundsTracker - INFO - Bloomberg session stopped
2025-04-13 12:28:40,927 - HKLeverageFundsTracker - INFO - Connecting to Bloomberg at 127.0.0.1:8194
2025-04-13 12:28:41,391 - HKLeverageFundsTracker - INFO - Bloomberg session started successfully
2025-04-13 12:28:41,392 - HKLeverageFundsTracker - INFO - Tracking leveraged and inverse funds in Hong Kong...
2025-04-13 12:28:41,392 - HKLeverageFundsTracker - INFO - Checking 406 potential ETF tickers
2025-04-13 12:28:41,393 - HKLeverageFundsTracker - INFO - Requesting data for 100 securities (chunk 1)
2025-04-13 12:28:42,414 - HKLeverageFundsTracker - INFO - Requesting data for 100 securities (chunk 2)
2025-04-13 12:28:43,335 - HKLeverageFundsTracker - INFO - Requesting data for 100 securities (chunk 3)
2025-04-13 12:28:44,015 - HKLeverageFundsTracker - INFO - Requesting data for 100 securities (chunk 4)
2025-04-13 12:28:44,758 - HKLeverageFundsTracker - INFO - Requesting data for 6 securities (chunk 5)
2025-04-13 12:28:45,547 - HKLeverageFundsTracker - INFO - Retrieved data for 406 securities
2025-04-13 12:28:45,561 - HKLeverageFundsTracker - INFO - Identified 58 leveraged/inverse ETFs
2025-04-13 12:28:45,562 - HKLeverageFundsTracker - INFO - Sample of identified ETFs: [{'TICKER': '7272 HK Equity', 'NAME': 'CHINAAMC CSI 300  INDEX  D-H'}, {'TICKER': '7210 HK Equity', 'NAME': 'XIE SHARES FTSE N SHR 2X'}, {'TICKER': '7200 HK Equity', 'NAME': 'CSOP HANG SENG  INDEX  DAI-H'}]
2025-04-13 12:28:45,574 - HKLeverageFundsTracker - INFO - Processed 58 leveraged/inverse ETFs with details
2025-04-13 12:28:45,622 - HKLeverageFundsTracker - INFO - Saving results to CSV...
2025-04-13 12:28:45,629 - HKLeverageFundsTracker - INFO - Saved ETF list to ./hk_li_funds\hk_li_etfs_20250413_122845.csv
2025-04-13 12:28:45,633 - HKLeverageFundsTracker - INFO - Saved aggregated data by underlying to ./hk_li_funds\hk_li_agg_by_underlying_20250413_122845.csv
2025-04-13 12:28:45,636 - HKLeverageFundsTracker - INFO - Saved aggregated data by issuer to ./hk_li_funds\hk_li_agg_by_issuer_20250413_122845.csv
2025-04-13 12:28:45,636 - HKLeverageFundsTracker - INFO - Leveraged and inverse funds tracking completed.
2025-04-13 12:28:45,640 - HKLeverageFundsTracker - INFO - Bloomberg session stopped
