2025-04-13 12:36:27,659 - KRLeverageFundsTracker - INFO - Connecting to Bloomberg at 127.0.0.1:8194
2025-04-13 12:36:28,160 - KRLeverageFundsTracker - INFO - Bloomberg session started successfully
2025-04-13 12:36:28,160 - KRLeverageFundsTracker - INFO - Tracking leveraged and inverse funds in Korea...
2025-04-13 12:36:28,161 - KRLeverageFundsTracker - INFO - Checking 637 potential ETF tickers
2025-04-13 12:36:28,161 - KRLeverageFundsTracker - INFO - Requesting data for 100 securities (chunk 1)
2025-04-13 12:36:28,983 - KRLeverageFundsTracker - INFO - Requesting data for 100 securities (chunk 2)
2025-04-13 12:36:29,915 - KRLeverageFundsTracker - INFO - Requesting data for 100 securities (chunk 3)
2025-04-13 12:36:30,944 - KRLeverageFundsTracker - INFO - Requesting data for 100 securities (chunk 4)
2025-04-13 12:36:31,715 - KRLeverageFundsTracker - INFO - Requesting data for 100 securities (chunk 5)
2025-04-13 12:36:32,604 - KRLeverageFundsTracker - INFO - Requesting data for 100 securities (chunk 6)
2025-04-13 12:36:33,360 - KRLeverageFundsTracker - INFO - Requesting data for 37 securities (chunk 7)
2025-04-13 12:36:34,006 - KRLeverageFundsTracker - INFO - Retrieved data for 637 securities
2025-04-13 12:36:34,020 - KRLeverageFundsTracker - INFO - Identified 9 leveraged/inverse ETFs
2025-04-13 12:36:34,022 - KRLeverageFundsTracker - INFO - Sample of identified ETFs: [{'TICKER': '123320 KS Equity', 'NAME': 'MIRAE TIGER 200 2X ETF'}, {'TICKER': '252400 KS Equity', 'NAME': 'KB KSTAR 200 FUTURES LEV ETF'}, {'TICKER': '251340 KS Equity', 'NAME': 'SS KODEX KOSDAQ 150 INVS ET'}]
2025-04-13 12:36:34,027 - KRLeverageFundsTracker - INFO - Processed 9 leveraged/inverse ETFs with details
2025-04-13 12:36:34,120 - KRLeverageFundsTracker - INFO - Saving results to CSV...
2025-04-13 12:36:34,129 - KRLeverageFundsTracker - INFO - Saved ETF list to ./kr_li_funds\kr_li_etfs_20250413_123634.csv
2025-04-13 12:36:34,133 - KRLeverageFundsTracker - INFO - Saved aggregated data by underlying to ./kr_li_funds\kr_li_agg_by_underlying_20250413_123634.csv
2025-04-13 12:36:34,136 - KRLeverageFundsTracker - INFO - Saved aggregated data by issuer to ./kr_li_funds\kr_li_agg_by_issuer_20250413_123634.csv
2025-04-13 12:36:34,141 - KRLeverageFundsTracker - INFO - Saved aggregated data by leverage factor to ./kr_li_funds\kr_li_agg_by_leverage_20250413_123634.csv
2025-04-13 12:36:34,141 - KRLeverageFundsTracker - INFO - Leveraged and inverse funds tracking completed.
2025-04-13 12:36:34,147 - KRLeverageFundsTracker - INFO - Bloomberg session stopped
