2025-04-13 12:45:46,487 - TWLeverageFundsTracker - INFO - Connecting to Bloomberg at 127.0.0.1:8194
2025-04-13 12:45:46,944 - TWLeverageFundsTracker - INFO - Bloomberg session started successfully
2025-04-13 12:45:46,945 - TWLeverageFundsTracker - INFO - Tracking leveraged and inverse funds in Taiwan...
2025-04-13 12:45:46,945 - TWLeverageFundsTracker - INFO - Checking 480 potential ETF tickers
2025-04-13 12:45:46,946 - TWLeverageFundsTracker - INFO - Requesting data for 100 securities (chunk 1)
2025-04-13 12:45:47,723 - TWLeverageFundsTracker - INFO - Requesting data for 100 securities (chunk 2)
2025-04-13 12:45:48,624 - TWLeverageFundsTracker - INFO - Requesting data for 100 securities (chunk 3)
2025-04-13 12:45:49,468 - TWLeverageFundsTracker - INFO - Requesting data for 100 securities (chunk 4)
2025-04-13 12:45:50,368 - TWLeverageFundsTracker - INFO - Requesting data for 80 securities (chunk 5)
2025-04-13 12:45:51,279 - TWLeverageFundsTracker - INFO - Retrieved data for 480 securities
2025-04-13 12:45:51,287 - TWLeverageFundsTracker - INFO - Identified 360 leveraged/inverse ETFs
2025-04-13 12:45:51,288 - TWLeverageFundsTracker - INFO - Sample of identified ETFs: [{'TICKER': '00693R TT Equity', 'NAME': None}, {'TICKER': '00613L TT Equity', 'NAME': None}, {'TICKER': '00635L TT Equity', 'NAME': None}]
2025-04-13 12:45:51,312 - TWLeverageFundsTracker - INFO - Processed 360 leveraged/inverse ETFs with details
2025-04-13 12:45:51,444 - TWLeverageFundsTracker - INFO - Saving results to CSV...
2025-04-13 12:45:51,454 - TWLeverageFundsTracker - INFO - Saved ETF list to ./tw_li_funds\tw_li_etfs_20250413_124551.csv
2025-04-13 12:45:51,458 - TWLeverageFundsTracker - INFO - Saved aggregated data by underlying to ./tw_li_funds\tw_li_agg_by_underlying_20250413_124551.csv
2025-04-13 12:45:51,461 - TWLeverageFundsTracker - INFO - Saved aggregated data by issuer to ./tw_li_funds\tw_li_agg_by_issuer_20250413_124551.csv
2025-04-13 12:45:51,465 - TWLeverageFundsTracker - INFO - Saved aggregated data by leverage factor to ./tw_li_funds\tw_li_agg_by_leverage_20250413_124551.csv
2025-04-13 12:45:51,468 - TWLeverageFundsTracker - INFO - Saved aggregated data by market to ./tw_li_funds\tw_li_agg_by_market_20250413_124551.csv
2025-04-13 12:45:51,469 - TWLeverageFundsTracker - INFO - Leveraged and inverse funds tracking completed.
2025-04-13 12:45:51,472 - TWLeverageFundsTracker - INFO - Bloomberg session stopped
